TN:
SF:/home/hacker/vscode/C_plus_plus/OS_Final_Ex/Part11/algorithms/AlgorithmFactory.cpp
FNL:0,5,14
FNA:0,0,_ZN16AlgorithmFactory6createEi
FNF:1
FNH:0
DA:5,0
DA:6,0
DA:7,0
DA:8,0
DA:9,0
DA:10,0
DA:11,0
DA:12,0
LF:8
LH:0
end_of_record
TN:
SF:/home/hacker/vscode/C_plus_plus/OS_Final_Ex/Part11/algorithms/AlgorithmStrategy.hpp
FNL:0,13,13
FNA:0,0,_ZN17AlgorithmStrategyD0Ev
FNA:0,0,_ZN17AlgorithmStrategyD2Ev
FNF:1
FNH:0
DA:13,0
LF:1
LH:0
end_of_record
TN:
SF:/home/hacker/vscode/C_plus_plus/OS_Final_Ex/Part11/algorithms/CliqueAlgorithm.hpp
FNL:0,12,18
FNA:0,0,_ZN15CliqueAlgorithm7executeB5cxx11ERKN9GraphAlgo5GraphE
FNF:1
FNH:0
DA:12,0
DA:13,0
DA:14,0
DA:15,0
DA:16,0
DA:17,0
DA:18,0
LF:7
LH:0
end_of_record
TN:
SF:/home/hacker/vscode/C_plus_plus/OS_Final_Ex/Part11/algorithms/EulerianAlgorithm.hpp
FNL:0,12,23
FNA:0,0,_ZN17EulerianAlgorithm7executeB5cxx11ERKN9GraphAlgo5GraphE
FNF:1
FNH:0
DA:12,0
DA:13,0
DA:14,0
DA:15,0
DA:16,0
DA:17,0
DA:18,0
DA:19,0
DA:20,0
DA:21,0
DA:22,0
LF:11
LH:0
end_of_record
TN:
SF:/home/hacker/vscode/C_plus_plus/OS_Final_Ex/Part11/algorithms/MSTAlgorithm.hpp
FNL:0,12,15
FNA:0,0,_ZN12MSTAlgorithm7executeB5cxx11ERKN9GraphAlgo5GraphE
FNF:1
FNH:0
DA:12,0
DA:13,0
DA:14,0
LF:3
LH:0
end_of_record
TN:
SF:/home/hacker/vscode/C_plus_plus/OS_Final_Ex/Part11/algorithms/MaxFlowAlgorithm.hpp
FNL:0,12,15
FNA:0,0,_ZN16MaxFlowAlgorithm7executeB5cxx11ERKN9GraphAlgo5GraphE
FNF:1
FNH:0
DA:12,0
DA:13,0
DA:14,0
LF:3
LH:0
end_of_record
TN:
SF:/home/hacker/vscode/C_plus_plus/OS_Final_Ex/Part11/algorithms/SCCAlgorithm.hpp
FNL:0,12,22
FNA:0,0,_ZN12SCCAlgorithm7executeB5cxx11ERKN9GraphAlgo5GraphE
FNF:1
FNH:0
DA:12,0
DA:13,0
DA:14,0
DA:15,0
DA:16,0
DA:17,0
DA:18,0
DA:19,0
DA:21,0
DA:22,0
LF:10
LH:0
end_of_record
TN:
SF:/home/hacker/vscode/C_plus_plus/OS_Final_Ex/Part11/core/Graph.cpp
FNL:0,11,12
FNA:0,97,_ZN9GraphAlgo5GraphC2ERKS0_
FNL:1,15,22
FNA:1,7,_ZN9GraphAlgo5GraphaSERKS0_
FNL:2,25,30
FNA:2,112,_ZN9GraphAlgo5Graph7addEdgeEiii
FNL:3,32,40
FNA:3,0,_ZNK9GraphAlgo5Graph10printGraphEv
FNL:4,42,44
FNA:4,42,_ZNK9GraphAlgo5Graph14getVertexCountEv
FNL:5,46,48
FNA:5,252,_ZNK9GraphAlgo5Graph12getNeighborsEi
FNL:6,8,8
FNA:6,30,_ZN9GraphAlgo5GraphC2Eib
FNF:7
FNH:6
DA:8,90
DA:11,97
DA:12,97
DA:15,7
DA:16,7
DA:17,7
DA:18,7
DA:19,7
DA:21,7
DA:25,112
DA:26,112
DA:27,112
DA:28,0
DA:30,112
DA:32,0
DA:33,0
DA:34,0
DA:35,0
DA:36,0
DA:38,0
DA:40,0
DA:42,42
DA:43,42
DA:46,252
DA:47,252
LF:25
LH:17
end_of_record
TN:
SF:/home/hacker/vscode/C_plus_plus/OS_Final_Ex/Part11/core/Graph.hpp
FNL:0,15,15
FNA:0,112,_ZN9GraphAlgo4EdgeC2Eiii
FNL:1,35,35
FNA:1,127,_ZN9GraphAlgo5GraphD2Ev
FNL:2,42,42
FNA:2,0,_ZNK9GraphAlgo5Graph10getAdjListEv
FNF:3
FNH:2
DA:15,112
DA:35,127
DA:42,0
LF:3
LH:2
end_of_record
TN:
SF:/home/hacker/vscode/C_plus_plus/OS_Final_Ex/Part11/core/GraphAlgorithms.cpp
FNL:0,133,158
FNA:0,7,_ZN9GraphAlgo13findMSTWeightERKNS_5GraphE
FNL:1,162,172
FNA:1,7,_ZN9GraphAlgo14transposeGraphERKNS_5GraphE
FNL:2,175,183
FNA:2,42,_ZN9GraphAlgo8dfsOrderERKNS_5GraphEiRSt6vectorIbSaIbEERSt5stackIiSt5dequeIiSaIiEEE
FNL:3,186,194
FNA:3,42,_ZN9GraphAlgo10dfsCollectERKNS_5GraphEiRSt6vectorIbSaIbEERS3_IiSaIiEE
FNL:4,196,224
FNA:4,7,_ZN9GraphAlgo7findSCCERKNS_5GraphE
FNL:5,20,22
FNA:5,7,_ZN2UFC2Ei
FNL:6,228,238
FNA:6,7,_ZN9GraphAlgo17buildAdjacencySetERKNS_5GraphE
FNL:7,24,28
FNA:7,89,_ZN2UF4findEi
FNL:8,241,282
FNA:8,67,_ZN9GraphAlgo12bronKerboschERKSt6vectorISt3setIiSt4lessIiESaIiEESaIS5_EERS0_IiS4_ERS5_SC_SB_
FNL:9,284,298
FNA:9,7,_ZN9GraphAlgo13findMaxCliqueERKNS_5GraphE
FNL:10,30,35
FNA:10,31,_ZN2UF5uniteEii
FNL:11,303,323
FNA:11,14,_ZN9GraphAlgo3bfsERKSt6vectorIS0_IiSaIiEESaIS2_EEiiRS2_
FNL:12,325,363
FNA:12,7,_ZN9GraphAlgo11findMaxFlowERKNS_5GraphE
FNL:13,43,51
FNA:13,0,_ZN9GraphAlgoL7dfsUtilERKNS_5GraphEiRSt6vectorIbSaIbEE
FNL:14,53,80
FNA:14,0,_ZN9GraphAlgo10isEulerianERKNS_5GraphE
FNL:15,82,128
FNA:15,0,_ZN9GraphAlgo19findEulerianCircuitERKNS_5GraphE
FNF:16
FNH:13
DA:20,14
DA:21,49
DA:22,7
DA:24,89
DA:25,89
DA:26,27
DA:27,89
DA:30,31
DA:31,31
DA:32,31
DA:33,28
DA:34,28
DA:43,0
DA:44,0
DA:46,0
DA:47,0
DA:48,0
DA:51,0
DA:53,0
DA:54,0
DA:55,0
DA:56,0
DA:59,0
DA:60,0
DA:62,0
DA:63,0
DA:64,0
DA:65,0
DA:69,0
DA:70,0
DA:72,0
DA:74,0
DA:75,0
DA:76,0
DA:79,0
DA:80,0
DA:82,0
DA:83,0
DA:85,0
DA:86,0
DA:87,0
DA:90,0
DA:91,0
DA:93,0
DA:94,0
DA:95,0
DA:96,0
DA:97,0
DA:101,0
DA:103,0
DA:104,0
DA:106,0
DA:107,0
DA:108,0
DA:110,0
DA:111,0
DA:113,0
DA:114,0
DA:115,0
DA:116,0
DA:117,0
DA:118,0
DA:122,0
DA:126,0
DA:127,0
DA:128,0
DA:133,7
DA:134,7
DA:135,7
DA:138,49
DA:139,98
DA:140,56
DA:141,31
DA:146,7
DA:148,7
DA:149,7
DA:151,38
DA:152,31
DA:153,28
DA:157,7
DA:158,7
DA:162,7
DA:163,7
DA:164,7
DA:166,49
DA:167,98
DA:168,56
DA:171,7
DA:172,0
DA:175,42
DA:176,42
DA:177,98
DA:178,56
DA:179,34
DA:182,42
DA:183,42
DA:186,42
DA:187,42
DA:188,42
DA:189,98
DA:190,56
DA:191,29
DA:194,42
DA:196,7
DA:197,7
DA:198,7
DA:199,7
DA:202,49
DA:203,42
DA:204,8
DA:208,7
DA:211,7
DA:212,7
DA:214,56
DA:215,42
DA:216,42
DA:217,42
DA:218,13
DA:219,13
DA:220,13
DA:221,13
DA:223,7
DA:224,7
DA:228,7
DA:229,7
DA:230,7
DA:232,49
DA:233,98
DA:234,56
DA:237,7
DA:238,0
DA:241,67
DA:247,67
DA:248,25
DA:249,7
DA:250,25
DA:253,42
DA:254,42
DA:256,42
DA:257,109
DA:258,67
DA:259,60
DA:263,102
DA:264,60
DA:266,60
DA:267,225
DA:268,165
DA:271,60
DA:272,144
DA:273,84
DA:276,60
DA:278,60
DA:279,60
DA:280,60
DA:281,60
DA:282,42
DA:284,7
DA:285,7
DA:286,7
DA:288,7
DA:289,7
DA:291,49
DA:292,42
DA:295,7
DA:296,7
DA:297,7
DA:298,7
DA:303,14
DA:304,14
DA:305,14
DA:306,14
DA:308,14
DA:309,14
DA:311,39
DA:312,32
DA:313,217
DA:314,192
DA:315,28
DA:316,28
DA:317,7
DA:318,21
DA:322,7
DA:323,14
DA:325,7
DA:326,7
DA:327,7
DA:330,49
DA:331,98
DA:332,56
DA:336,7
DA:337,7
DA:340,14
DA:342,7
DA:343,7
DA:344,29
DA:345,22
DA:346,22
DA:347,22
DA:351,7
DA:352,29
DA:353,22
DA:354,22
DA:355,22
DA:356,22
DA:359,7
DA:362,7
DA:363,7
LF:207
LH:151
end_of_record
TN:
SF:/home/hacker/vscode/C_plus_plus/OS_Final_Ex/Part11/server/BlockingQueue.hpp
FNL:0,18,22
FNA:0,40,_ZN13BlockingQueueI12PipelineDataE4pushERKS0_
FNL:1,24,30
FNA:1,40,_ZN13BlockingQueueI12PipelineDataE3popEv
FNL:2,26,26
FNA:2,80,_ZZN13BlockingQueueI12PipelineDataE3popEvENKUlvE_clEv
FNF:3
FNH:3
DA:18,40
DA:19,40
DA:20,40
DA:21,40
DA:22,40
DA:24,40
DA:25,40
DA:26,120
DA:27,40
DA:28,40
DA:29,40
DA:30,40
LF:12
LH:12
end_of_record
TN:
SF:/home/hacker/vscode/C_plus_plus/OS_Final_Ex/Part11/server/PipelineData.hpp
FNL:0,18,18
FNA:0,10,_ZN12PipelineDataC2EN9GraphAlgo5GraphEi
FNF:1
FNH:1
DA:18,10
LF:1
LH:1
end_of_record
TN:
SF:/home/hacker/vscode/C_plus_plus/OS_Final_Ex/Part11/server/Server.cpp
FNL:0,108,117
FNA:0,3,_Z9mstWorkerv
FNL:1,119,133
FNA:1,3,_Z9sccWorkerv
FNL:2,135,146
FNA:2,3,_Z12cliqueWorkerv
FNL:3,148,161
FNA:3,3,_Z13maxFlowWorkerv
FNL:4,164,221
FNA:4,15,_Z12handleClienti
FNL:5,224,293
FNA:5,3,main
FNL:6,31,41
FNA:6,52,_Z8readLineB5cxx11i
FNL:7,43,50
FNA:7,15,_Z10readChoicei
FNL:8,53,77
FNA:8,5,_Z19readGraphFromClienti
FNL:9,80,106
FNA:9,4,_Z19generateRandomGraphiiib
FNF:10
FNH:10
DA:31,52
DA:32,52
DA:35,224
DA:36,224
DA:37,224
DA:38,172
DA:39,172
DA:40,52
DA:41,0
DA:43,15
DA:44,15
DA:46,15
DA:47,0
DA:48,0
DA:49,0
DA:50,15
DA:53,5
DA:54,5
DA:55,5
DA:58,5
DA:59,1
DA:62,4
DA:64,28
DA:65,25
DA:66,25
DA:69,25
DA:70,1
DA:73,24
DA:74,26
DA:76,3
DA:77,8
DA:80,4
DA:81,4
DA:82,4
DA:84,4
DA:85,4
DA:87,4
DA:88,4
DA:89,0
DA:92,58
DA:93,54
DA:94,54
DA:95,60
DA:97,38
DA:99,38
DA:101,32
DA:102,32
DA:105,4
DA:106,4
DA:108,3
DA:110,10
DA:111,10
DA:113,7
DA:114,7
DA:115,7
DA:116,17
DA:117,3
DA:119,3
DA:121,10
DA:122,10
DA:124,7
DA:125,7
DA:126,20
DA:127,13
DA:128,55
DA:129,13
DA:131,7
DA:132,17
DA:133,3
DA:135,3
DA:137,10
DA:138,10
DA:140,7
DA:141,7
DA:142,21
DA:143,7
DA:144,7
DA:145,17
DA:146,3
DA:148,3
DA:150,10
DA:151,10
DA:153,7
DA:154,7
DA:156,7
DA:157,7
DA:158,7
DA:159,7
DA:160,17
DA:161,3
DA:164,15
DA:170,15
DA:171,15
DA:173,15
DA:174,15
DA:175,3
DA:176,3
DA:177,3
DA:178,3
DA:181,12
DA:183,12
DA:184,7
DA:185,7
DA:187,7
DA:188,7
DA:190,7
DA:191,3
DA:192,3
DA:193,3
DA:194,3
DA:195,3
DA:198,4
DA:199,0
DA:200,0
DA:201,0
DA:202,0
DA:203,0
DA:204,0
DA:205,18
DA:206,5
DA:208,0
DA:209,0
DA:210,0
DA:211,0
DA:212,0
DA:215,7
DA:216,7
DA:217,22
DA:218,2
DA:219,2
DA:220,2
DA:224,3
DA:226,3
DA:227,3
DA:228,3
DA:229,3
DA:233,3
DA:234,3
DA:237,3
DA:238,3
DA:239,3
DA:240,3
DA:241,3
DA:242,3
DA:243,3
DA:245,3
DA:250,273
DA:251,4590
DA:252,270
DA:254,270
DA:255,270
DA:257,270
DA:259,270
DA:260,0
DA:261,0
DA:264,270
DA:265,15
DA:266,15
DA:267,15
DA:268,0
DA:269,0
DA:271,15
DA:272,15
DA:273,15
DA:274,15
DA:278,3
DA:279,3
DA:280,3
DA:281,3
DA:282,3
DA:285,3
DA:286,3
DA:287,3
DA:288,3
DA:290,3
DA:291,3
DA:292,3
DA:293,3
LF:178
LH:158
end_of_record
TN:
SF:/usr/include/c++/14/atomic
FNL:0,84,85
FNA:0,3,_ZNSt6atomicIbEaSEb
FNL:1,91,92
FNA:1,313,_ZNKSt6atomicIbEcvbEv
FNF:2
FNH:2
DA:84,3
DA:85,3
DA:91,313
DA:92,626
LF:4
LH:4
end_of_record
TN:
SF:/usr/include/c++/14/bit
FNL:0,201,243
FNA:0,7,_ZSt13__countl_zeroImEiT_
FNL:1,371,375
FNA:1,7,_ZSt11__bit_widthImEiT_
FNF:2
FNH:2
DA:201,7
DA:204,7
DA:206,7
DA:207,0
DA:209,7
DA:210,7
DA:211,7
DA:220,7
DA:221,7
DA:371,7
DA:373,7
DA:374,7
LF:12
LH:11
end_of_record
TN:
SF:/usr/include/c++/14/bits/alloc_traits.h
FNF:0
FNH:0
DA:515,1186
DA:550,1186
DA:575,753
DA:581,753
DA:601,552
DA:613,467
DA:627,621
DA:767,0
DA:993,842
DA:994,842
LF:10
LH:9
end_of_record
TN:
SF:/usr/include/c++/14/bits/allocator.h
FNF:0
FNH:0
DA:161,483
DA:166,1378
DA:176,73
DA:182,856
DA:221,0
LF:5
LH:4
end_of_record
TN:
SF:/usr/include/c++/14/bits/atomic_base.h
FNL:0,109,112
FNA:0,316,_ZStanSt12memory_orderSt23__memory_order_modifier
FNL:1,367,371
FNA:1,3,_ZNSt13__atomic_baseIbEaSEb
FNF:2
FNH:2
DA:109,316
DA:111,316
DA:367,3
DA:369,3
DA:370,3
DA:472,3
DA:473,3
DA:474,3
DA:475,3
DA:477,3
DA:478,3
DA:497,313
DA:498,313
DA:499,313
DA:501,313
LF:15
LH:15
end_of_record
TN:
SF:/usr/include/c++/14/bits/basic_string.h
FNL:0,3573,3586
FNA:0,7,_ZSt12__str_concatINSt7__cxx1112basic_stringIcSt11char_traitsIcESaIcEEEET_PKNS6_10value_typeENS6_9size_typeES9_SA_RKNS6_14allocator_typeE
FNL:1,3598,3605
FNA:1,7,_ZStplIcSt11char_traitsIcESaIcEENSt7__cxx1112basic_stringIT_T0_T1_EERKS8_SA_
FNL:2,3652,3660
FNA:2,0,_ZStplIcSt11char_traitsIcESaIcEENSt7__cxx1112basic_stringIT_T0_T1_EERKS8_PKS5_
FNL:3,3682,3684
FNA:3,14,_ZStplIcSt11char_traitsIcESaIcEENSt7__cxx1112basic_stringIT_T0_T1_EEOS8_RKS8_
FNL:4,3719,3721
FNA:4,28,_ZStplIcSt11char_traitsIcESaIcEENSt7__cxx1112basic_stringIT_T0_T1_EEPKS5_OS8_
FNL:5,3733,3735
FNA:5,84,_ZStplIcSt11char_traitsIcESaIcEENSt7__cxx1112basic_stringIT_T0_T1_EEOS8_PKS5_
FNL:6,4164,4166
FNA:6,15,_ZNSt7__cxx114stoiERKNS_12basic_stringIcSt11char_traitsIcESaIcEEEPmi
FNL:7,4240,4255
FNA:7,70,_ZNSt7__cxx119to_stringEi
FNL:8,4249,4253
FNA:8,70,_ZZNSt7__cxx119to_stringEiENKUlPcmE_clES0_m
FNL:9,4294,4306
FNA:9,14,_ZNSt7__cxx119to_stringEm
FNL:10,4301,4304
FNA:10,14,_ZZNSt7__cxx119to_stringEmENKUlPcmE_clES0_m
FNL:11,646,655
FNA:11,25,_ZNSt7__cxx1112basic_stringIcSt11char_traitsIcESaIcEEC2IS3_EEPKcRKS3_
FNF:12
FNH:11
DA:360,0
DA:646,25
DA:647,25
DA:650,25
DA:651,0
DA:653,25
DA:654,25
DA:655,25
DA:3573,7
DA:3581,7
DA:3582,7
DA:3583,7
DA:3584,7
DA:3585,7
DA:3586,0
DA:3598,7
DA:3604,14
DA:3652,0
DA:3659,0
DA:3682,14
DA:3684,14
DA:3719,28
DA:3721,28
DA:3733,84
DA:3735,84
DA:4164,15
DA:4165,15
DA:4166,15
DA:4240,70
DA:4245,70
DA:4246,70
DA:4247,70
DA:4248,70
DA:4249,70
DA:4250,70
DA:4251,70
DA:4252,70
DA:4254,70
DA:4294,14
DA:4299,14
DA:4300,14
DA:4301,14
DA:4302,14
DA:4303,14
DA:4305,14
DA:4306,0
LF:46
LH:40
end_of_record
TN:
SF:/usr/include/c++/14/bits/basic_string.tcc
FNL:0,221,252
FNA:0,25,_ZNSt7__cxx1112basic_stringIcSt11char_traitsIcESaIcEE12_M_constructIPKcEEvT_S8_St20forward_iterator_tag
FNA:0,0,_ZNSt7__cxx1112basic_stringIcSt11char_traitsIcESaIcEE12_M_constructIPcEEvT_S7_St20forward_iterator_tag
FNL:1,239,239
FNA:1,25,_ZZNSt7__cxx1112basic_stringIcSt11char_traitsIcESaIcEE12_M_constructIPKcEEvT_S8_St20forward_iterator_tagEN6_GuardC2EPS4_
FNA:1,0,_ZZNSt7__cxx1112basic_stringIcSt11char_traitsIcESaIcEE12_M_constructIPcEEvT_S7_St20forward_iterator_tagEN6_GuardC2EPS4_
FNL:2,242,242
FNA:2,25,_ZZNSt7__cxx1112basic_stringIcSt11char_traitsIcESaIcEE12_M_constructIPKcEEvT_S8_St20forward_iterator_tagEN6_GuardD2Ev
FNA:2,0,_ZZNSt7__cxx1112basic_stringIcSt11char_traitsIcESaIcEE12_M_constructIPcEEvT_S7_St20forward_iterator_tagEN6_GuardD2Ev
FNL:3,583,613
FNA:3,70,_ZNSt7__cxx1112basic_stringIcSt11char_traitsIcESaIcEE22__resize_and_overwriteIZNS_9to_stringEiEUlPcmE_EEvmT_
FNA:3,14,_ZNSt7__cxx1112basic_stringIcSt11char_traitsIcESaIcEE22__resize_and_overwriteIZNS_9to_stringEmEUlPcmE_EEvmT_
FNL:4,597,597
FNA:4,70,_ZZNSt7__cxx1112basic_stringIcSt11char_traitsIcESaIcEE22__resize_and_overwriteIZNS_9to_stringEiEUlPcmE_EEvmT_EN11_TerminatorD2Ev
FNA:4,14,_ZZNSt7__cxx1112basic_stringIcSt11char_traitsIcESaIcEE22__resize_and_overwriteIZNS_9to_stringEmEUlPcmE_EEvmT_EN11_TerminatorD2Ev
FNF:5
FNH:5
DA:221,25
DA:225,25
DA:227,25
DA:229,25
DA:230,25
DA:239,25
DA:242,25
DA:245,25
DA:247,25
DA:249,25
DA:251,25
DA:252,25
DA:583,84
DA:590,84
DA:591,84
DA:597,84
DA:601,84
DA:602,84
DA:610,84
DA:611,84
DA:612,0
DA:613,84
LF:22
LH:21
end_of_record
TN:
SF:/usr/include/c++/14/bits/char_traits.h
FNL:0,136,137
FNA:0,0,_ZN9__gnu_cxx11char_traitsIcE2eqERKcS3_
FNL:1,199,206
FNA:1,0,_ZN9__gnu_cxx11char_traitsIcE6lengthEPKc
FNL:2,385,392
FNA:2,25,_ZNSt11char_traitsIcE6lengthEPKc
FNL:3,419,428
FNA:3,0,_ZNSt11char_traitsIcE4copyEPcPKcm
FNF:4
FNH:1
DA:136,0
DA:137,0
DA:199,0
DA:202,0
DA:203,0
DA:204,0
DA:205,0
DA:385,25
DA:388,25
DA:389,0
DA:391,25
DA:419,0
DA:421,0
DA:422,0
DA:427,0
LF:15
LH:3
end_of_record
TN:
SF:/usr/include/c++/14/bits/charconv.h
FNL:0,55,74
FNA:0,70,_ZNSt8__detail14__to_chars_lenIjEEjT_i
FNA:0,14,_ZNSt8__detail14__to_chars_lenImEEjT_i
FNL:1,81,110
FNA:1,70,_ZNSt8__detail18__to_chars_10_implIjEEvPcjT_
FNA:1,14,_ZNSt8__detail18__to_chars_10_implImEEvPcjT_
FNF:2
FNH:2
DA:55,84
DA:61,84
DA:62,84
DA:63,84
DA:64,84
DA:67,84
DA:68,0
DA:69,0
DA:70,0
DA:71,0
DA:72,0
DA:81,84
DA:87,84
DA:93,84
DA:94,84
DA:96,0
DA:97,0
DA:98,0
DA:99,0
DA:100,0
DA:102,84
DA:104,0
DA:105,0
DA:106,0
DA:109,84
DA:110,84
LF:26
LH:13
end_of_record
TN:
SF:/usr/include/c++/14/bits/cpp_type_traits.h
FNL:0,608,609
FNA:0,0,_ZSt12__miter_baseIN9__gnu_cxx17__normal_iteratorIPKN9GraphAlgo4EdgeESt6vectorIS3_SaIS3_EEEEET_SA_
FNA:0,0,_ZSt12__miter_baseIN9__gnu_cxx17__normal_iteratorIPKSt6vectorIN9GraphAlgo4EdgeESaIS4_EES2_IS6_SaIS6_EEEEET_SC_
FNA:0,124,_ZSt12__miter_baseIN9__gnu_cxx17__normal_iteratorIPKiSt6vectorIiSaIiEEEEET_S8_
FNA:0,0,_ZSt12__miter_baseIN9__gnu_cxx17__normal_iteratorIPN9GraphAlgo4EdgeESt6vectorIS3_SaIS3_EEEEET_S9_
FNA:0,0,_ZSt12__miter_baseIN9__gnu_cxx17__normal_iteratorIPSt5tupleIJiiiEESt6vectorIS3_SaIS3_EEEEET_S9_
FNA:0,0,_ZSt12__miter_baseIPN9GraphAlgo4EdgeEET_S3_
FNA:0,0,_ZSt12__miter_baseIPP12PipelineDataET_S3_
FNA:0,0,_ZSt12__miter_baseIPPiET_S2_
FNA:0,0,_ZSt12__miter_baseIPSt6vectorIN9GraphAlgo4EdgeESaIS2_EEET_S6_
FNA:0,0,_ZSt12__miter_baseIPiET_S1_
FNA:0,0,_ZSt12__miter_baseIPmET_S1_
FNA:0,0,_ZSt12__miter_baseISt13_Bit_iteratorET_S1_
FNA:0,0,_ZSt12__miter_baseISt19_Bit_const_iteratorET_S1_
FNF:1
FNH:1
DA:608,124
DA:609,124
LF:2
LH:2
end_of_record
TN:
SF:/usr/include/c++/14/bits/deque.tcc
FNL:0,484,516
FNA:0,12,_ZNSt5dequeI12PipelineDataSaIS0_EE16_M_push_back_auxIJRKS0_EEEvDpOT_
FNA:0,0,_ZNSt5dequeIiSaIiEE16_M_push_back_auxIJRKiEEEvDpOT_
FNL:1,560,568
FNA:1,0,_ZNSt5dequeIiSaIiEE15_M_pop_back_auxEv
FNL:2,576,584
FNA:2,12,_ZNSt5dequeI12PipelineDataSaIS0_EE16_M_pop_front_auxEv
FNA:2,0,_ZNSt5dequeIiSaIiEE16_M_pop_front_auxEv
FNL:3,862,880
FNA:3,12,_ZNSt5dequeI12PipelineDataSaIS0_EE19_M_destroy_data_auxESt15_Deque_iteratorIS0_RS0_PS0_ES6_
FNL:4,934,976
FNA:4,0,_ZNSt5dequeI12PipelineDataSaIS0_EE17_M_reallocate_mapEmb
FNA:4,0,_ZNSt5dequeIiSaIiEE17_M_reallocate_mapEmb
FNF:5
FNH:3
DA:484,12
DA:492,12
DA:493,0
DA:496,12
DA:497,12
DA:501,12
DA:507,12
DA:509,12
DA:511,0
DA:513,0
DA:514,0
DA:516,12
DA:560,0
DA:563,0
DA:564,0
DA:565,0
DA:566,0
DA:568,0
DA:576,12
DA:579,12
DA:581,12
DA:582,12
DA:583,12
DA:584,12
DA:862,12
DA:865,12
DA:866,12
DA:867,0
DA:868,0
DA:870,12
DA:872,0
DA:873,0
DA:874,0
DA:875,0
DA:878,12
DA:879,12
DA:880,12
DA:934,0
DA:937,0
DA:938,0
DA:939,0
DA:942,0
DA:944,0
DA:945,0
DA:946,0
DA:947,0
DA:948,0
DA:949,0
DA:952,0
DA:953,0
DA:954,0
DA:958,0
DA:959,0
DA:962,0
DA:963,0
DA:964,0
DA:965,0
DA:966,0
DA:968,0
DA:970,0
DA:971,0
DA:974,0
DA:975,0
DA:976,0
LF:64
LH:21
end_of_record
TN:
SF:/usr/include/c++/14/bits/invoke.h
FNL:0,60,61
FNA:0,15,_ZSt13__invoke_implIvPFviEJiEET_St14__invoke_otherOT0_DpOT1_
FNA:0,12,_ZSt13__invoke_implIvPFvvEJEET_St14__invoke_otherOT0_DpOT1_
FNL:1,90,98
FNA:1,15,_ZSt8__invokeIPFviEJiEENSt15__invoke_resultIT_JDpT0_EE4typeEOS3_DpOS4_
FNA:1,12,_ZSt8__invokeIPFvvEJEENSt15__invoke_resultIT_JDpT0_EE4typeEOS3_DpOS4_
FNF:2
FNH:2
DA:60,27
DA:61,27
DA:90,27
DA:96,27
DA:97,27
LF:5
LH:5
end_of_record
TN:
SF:/usr/include/c++/14/bits/move.h
FNL:0,137,138
FNA:0,40,_ZSt4moveIRN9GraphAlgo4EdgeEEONSt16remove_referenceIT_E4typeEOS4_
FNA:0,0,_ZSt4moveIRN9__gnu_cxx5__ops15_Iter_less_iterEEONSt16remove_referenceIT_E4typeEOS5_
FNA:0,12,_ZSt4moveIRNSt12_Vector_baseIiSaIiEE12_Vector_implEEONSt16remove_referenceIT_E4typeEOS6_
FNA:0,126,_ZSt4moveIRNSt7__cxx1112basic_stringIcSt11char_traitsIcESaIcEEEEONSt16remove_referenceIT_E4typeEOS8_
FNA:0,0,_ZSt4moveIRP12MSTAlgorithmEONSt16remove_referenceIT_E4typeEOS4_
FNA:0,0,_ZSt4moveIRP12SCCAlgorithmEONSt16remove_referenceIT_E4typeEOS4_
FNA:0,0,_ZSt4moveIRP15CliqueAlgorithmEONSt16remove_referenceIT_E4typeEOS4_
FNA:0,0,_ZSt4moveIRP16MaxFlowAlgorithmEONSt16remove_referenceIT_E4typeEOS4_
FNA:0,0,_ZSt4moveIRP17EulerianAlgorithmEONSt16remove_referenceIT_E4typeEOS4_
FNA:0,0,_ZSt4moveIRPNSt6thread6_StateEEONSt16remove_referenceIT_E4typeEOS5_
FNA:0,0,_ZSt4moveIRSaIcEEONSt16remove_referenceIT_E4typeEOS3_
FNA:0,24,_ZSt4moveIRSt11_Tuple_implILm1EJiiEEEONSt16remove_referenceIT_E4typeEOS4_
FNA:0,24,_ZSt4moveIRSt11_Tuple_implILm2EJiEEEONSt16remove_referenceIT_E4typeEOS4_
FNA:0,30,_ZSt4moveIRSt5tupleIJPFviEiEEEONSt16remove_referenceIT_E4typeEOS6_
FNA:0,12,_ZSt4moveIRSt5tupleIJPFvvEEEEONSt16remove_referenceIT_E4typeEOS6_
FNA:0,136,_ZSt4moveIRSt5tupleIJiiiEEEONSt16remove_referenceIT_E4typeEOS4_
FNA:0,6,_ZSt4moveIRSt6vectorIiSaIiEEEONSt16remove_referenceIT_E4typeEOS5_
FNA:0,70,_ZSt4moveIRZNSt7__cxx119to_stringEiEUlPcmE_EONSt16remove_referenceIT_E4typeEOS5_
FNA:0,14,_ZSt4moveIRZNSt7__cxx119to_stringEmEUlPcmE_EONSt16remove_referenceIT_E4typeEOS5_
FNA:0,0,_ZSt4moveIRiEONSt16remove_referenceIT_E4typeEOS2_
FNL:1,226,237
FNA:1,0,_ZSt4swapIiENSt9enable_ifIXsrSt6__and_IJSt6__not_ISt15__is_tuple_likeIT_EESt21is_move_constructibleIS4_ESt18is_move_assignableIS4_EEE5valueEvE4typeERS4_SE_
FNL:2,51,52
FNA:2,0,_ZSt11__addressofI12PipelineDataEPT_RS1_
FNA:2,0,_ZSt11__addressofIKSt6vectorIN9GraphAlgo4EdgeESaIS2_EEEPT_RS6_
FNA:2,7,_ZSt11__addressofIKSt6vectorIS0_IN9GraphAlgo4EdgeESaIS2_EESaIS4_EEEPT_RS8_
FNA:2,7,_ZSt11__addressofIKSt6vectorIiSaIiEEEPT_RS4_
FNA:2,736,_ZSt11__addressofIN9GraphAlgo4EdgeEEPT_RS2_
FNA:2,84,_ZSt11__addressofISt3setIiSt4lessIiESaIiEEEPT_RS5_
FNA:2,80,_ZSt11__addressofISt5mutexEPT_RS1_
FNA:2,99,_ZSt11__addressofISt5tupleIJiiiEEEPT_RS2_
FNA:2,1104,_ZSt11__addressofISt6vectorIN9GraphAlgo4EdgeESaIS2_EEEPT_RS5_
FNA:2,115,_ZSt11__addressofISt6vectorIiSaIiEEEPT_RS3_
FNA:2,14,_ZSt11__addressofIiEPT_RS0_
FNA:2,28,_ZSt11__addressofImEPT_RS0_
FNL:3,71,72
FNA:3,80,_ZSt7forwardIN9GraphAlgo4EdgeEEOT_RNSt16remove_referenceIS2_E4typeE
FNA:3,45,_ZSt7forwardIPFviEEOT_RNSt16remove_referenceIS2_E4typeE
FNA:3,36,_ZSt7forwardIPFvvEEOT_RNSt16remove_referenceIS2_E4typeE
FNA:3,75,_ZSt7forwardIRFviEEOT_RNSt16remove_referenceIS2_E4typeE
FNA:3,36,_ZSt7forwardIRFvvEEOT_RNSt16remove_referenceIS2_E4typeE
FNA:3,92,_ZSt7forwardIRK12PipelineDataEOT_RNSt16remove_referenceIS3_E4typeE
FNA:3,616,_ZSt7forwardIRKN9GraphAlgo4EdgeEEOT_RNSt16remove_referenceIS4_E4typeE
FNA:3,224,_ZSt7forwardIRKSt4pairIiiEEOT_RNSt16remove_referenceIS4_E4typeE
FNA:3,462,_ZSt7forwardIRKSt6vectorIN9GraphAlgo4EdgeESaIS2_EEEOT_RNSt16remove_referenceIS7_E4typeE
FNA:3,80,_ZSt7forwardIRKSt6vectorIiSaIiEEEOT_RNSt16remove_referenceIS5_E4typeE
FNA:3,2429,_ZSt7forwardIRKiEOT_RNSt16remove_referenceIS2_E4typeE
FNA:3,0,_ZSt7forwardIRN9GraphAlgo4EdgeEEOT_RNSt16remove_referenceIS3_E4typeE
FNA:3,0,_ZSt7forwardIRP17AlgorithmStrategyEOT_RNSt16remove_referenceIS3_E4typeE
FNA:3,32,_ZSt7forwardIRPSt13_Rb_tree_nodeISt4pairIiiEEEOT_RNSt16remove_referenceIS6_E4typeE
FNA:3,267,_ZSt7forwardIRPSt13_Rb_tree_nodeIiEEOT_RNSt16remove_referenceIS4_E4typeE
FNA:3,299,_ZSt7forwardIRPSt18_Rb_tree_node_baseEOT_RNSt16remove_referenceIS3_E4typeE
FNA:3,32,_ZSt7forwardIRSt17_Rb_tree_iteratorISt4pairIiiEEEOT_RNSt16remove_referenceIS5_E4typeE
FNA:3,267,_ZSt7forwardIRSt17_Rb_tree_iteratorIiEEOT_RNSt16remove_referenceIS3_E4typeE
FNA:3,0,_ZSt7forwardIRSt6vectorIN9GraphAlgo4EdgeESaIS2_EEEOT_RNSt16remove_referenceIS6_E4typeE
FNA:3,299,_ZSt7forwardIRbEOT_RNSt16remove_referenceIS1_E4typeE
FNA:3,1725,_ZSt7forwardIRiEOT_RNSt16remove_referenceIS1_E4typeE
FNA:3,0,_ZSt7forwardISt14default_deleteI12MSTAlgorithmEEOT_RNSt16remove_referenceIS3_E4typeE
FNA:3,0,_ZSt7forwardISt14default_deleteI12SCCAlgorithmEEOT_RNSt16remove_referenceIS3_E4typeE
FNA:3,0,_ZSt7forwardISt14default_deleteI15CliqueAlgorithmEEOT_RNSt16remove_referenceIS3_E4typeE
FNA:3,0,_ZSt7forwardISt14default_deleteI16MaxFlowAlgorithmEEOT_RNSt16remove_referenceIS3_E4typeE
FNA:3,0,_ZSt7forwardISt14default_deleteI17EulerianAlgorithmEEOT_RNSt16remove_referenceIS3_E4typeE
FNA:3,32,_ZSt7forwardISt17_Rb_tree_iteratorISt4pairIiiEEEOT_RNSt16remove_referenceIS4_E4typeE
FNA:3,387,_ZSt7forwardISt17_Rb_tree_iteratorIiEEOT_RNSt16remove_referenceIS2_E4typeE
FNA:3,183,_ZSt7forwardISt5tupleIJiiiEEEOT_RNSt16remove_referenceIS2_E4typeE
FNA:3,12,_ZSt7forwardISt6vectorIiSaIiEEEOT_RNSt16remove_referenceIS3_E4typeE
FNA:3,299,_ZSt7forwardIbEOT_RNSt16remove_referenceIS0_E4typeE
FNA:3,210,_ZSt7forwardIiEOT_RNSt16remove_referenceIS0_E4typeE
FNF:4
FNH:3
DA:51,2274
DA:52,2274
DA:71,8219
DA:72,8219
DA:137,494
DA:138,494
DA:226,0
DA:234,0
DA:235,0
DA:236,0
DA:237,0
LF:11
LH:6
end_of_record
TN:
SF:/usr/include/c++/14/bits/new_allocator.h
FNL:0,104,104
FNA:0,12,_ZNSt15__new_allocatorI12PipelineDataED2Ev
FNA:0,1014,_ZNSt15__new_allocatorIN9GraphAlgo4EdgeEED2Ev
FNA:0,24,_ZNSt15__new_allocatorIP12PipelineDataED2Ev
FNA:0,42,_ZNSt15__new_allocatorIPiED2Ev
FNA:0,4,_ZNSt15__new_allocatorISt13_Rb_tree_nodeISt4pairIiiEEED2Ev
FNA:0,218,_ZNSt15__new_allocatorISt13_Rb_tree_nodeIiEED2Ev
FNA:0,21,_ZNSt15__new_allocatorISt3setIiSt4lessIiESaIiEEED2Ev
FNA:0,7,_ZNSt15__new_allocatorISt5tupleIJiiiEEED2Ev
FNA:0,284,_ZNSt15__new_allocatorISt6vectorIN9GraphAlgo4EdgeESaIS2_EEED2Ev
FNA:0,28,_ZNSt15__new_allocatorISt6vectorIiSaIiEEED2Ev
FNA:0,7,_ZNSt15__new_allocatorIbED2Ev
FNA:0,39,_ZNSt15__new_allocatorIcED2Ev
FNA:0,227,_ZNSt15__new_allocatorIiED2Ev
FNA:0,14,_ZNSt15__new_allocatorImED2Ev
FNL:1,126,152
FNA:1,24,_ZNSt15__new_allocatorI12PipelineDataE8allocateEmPKv
FNA:1,530,_ZNSt15__new_allocatorIN9GraphAlgo4EdgeEE8allocateEmPKv
FNA:1,12,_ZNSt15__new_allocatorIP12PipelineDataE8allocateEmPKv
FNA:1,21,_ZNSt15__new_allocatorIPiE8allocateEmPKv
FNA:1,32,_ZNSt15__new_allocatorISt13_Rb_tree_nodeISt4pairIiiEEE8allocateEmPKv
FNA:1,267,_ZNSt15__new_allocatorISt13_Rb_tree_nodeIiEE8allocateEmPKv
FNA:1,7,_ZNSt15__new_allocatorISt3setIiSt4lessIiESaIiEEE8allocateEmPKv
FNA:1,24,_ZNSt15__new_allocatorISt5tupleIJiiiEEE8allocateEmPKv
FNA:1,92,_ZNSt15__new_allocatorISt6vectorIN9GraphAlgo4EdgeESaIS2_EEE8allocateEmPKv
FNA:1,19,_ZNSt15__new_allocatorISt6vectorIiSaIiEEE8allocateEmPKv
FNA:1,151,_ZNSt15__new_allocatorIiE8allocateEmPKv
FNA:1,7,_ZNSt15__new_allocatorImE8allocateEmPKv
FNL:2,156,173
FNA:2,24,_ZNSt15__new_allocatorI12PipelineDataE10deallocateEPS0_m
FNA:2,530,_ZNSt15__new_allocatorIN9GraphAlgo4EdgeEE10deallocateEPS1_m
FNA:2,12,_ZNSt15__new_allocatorIP12PipelineDataE10deallocateEPS1_m
FNA:2,21,_ZNSt15__new_allocatorIPiE10deallocateEPS0_m
FNA:2,32,_ZNSt15__new_allocatorISt13_Rb_tree_nodeISt4pairIiiEEE10deallocateEPS3_m
FNA:2,267,_ZNSt15__new_allocatorISt13_Rb_tree_nodeIiEE10deallocateEPS1_m
FNA:2,7,_ZNSt15__new_allocatorISt3setIiSt4lessIiESaIiEEE10deallocateEPS4_m
FNA:2,24,_ZNSt15__new_allocatorISt5tupleIJiiiEEE10deallocateEPS1_m
FNA:2,92,_ZNSt15__new_allocatorISt6vectorIN9GraphAlgo4EdgeESaIS2_EEE10deallocateEPS4_m
FNA:2,19,_ZNSt15__new_allocatorISt6vectorIiSaIiEEE10deallocateEPS2_m
FNA:2,151,_ZNSt15__new_allocatorIiE10deallocateEPim
FNA:2,7,_ZNSt15__new_allocatorImE10deallocateEPmm
FNF:3
FNH:3
DA:88,556
DA:92,1378
DA:104,1941
DA:126,1186
DA:134,1186
DA:138,0
DA:139,0
DA:140,0
DA:151,1186
DA:156,1186
DA:172,1186
DA:183,467
DA:191,753
DA:198,552
DA:233,1653
LF:15
LH:12
end_of_record
TN:
SF:/usr/include/c++/14/bits/predefined_ops.h
FNL:0,108,109
FNA:0,24,_ZN9__gnu_cxx5__ops15__val_comp_iterENS0_15_Iter_less_iterE
FNL:1,44,45
FNA:1,24,_ZNK9__gnu_cxx5__ops15_Iter_less_iterclINS_17__normal_iteratorIPSt5tupleIJiiiEESt6vectorIS5_SaIS5_EEEESA_EEbT_T0_
FNL:2,50,51
FNA:2,7,_ZN9__gnu_cxx5__ops16__iter_less_iterEv
FNL:3,63,63
FNA:3,0,_ZN9__gnu_cxx5__ops14_Iter_less_valC2ENS0_15_Iter_less_iterE
FNL:4,68,69
FNA:4,0,_ZNK9__gnu_cxx5__ops14_Iter_less_valclINS_17__normal_iteratorIPSt5tupleIJiiiEESt6vectorIS5_SaIS5_EEEES5_EEbT_RT0_
FNL:5,97,98
FNA:5,24,_ZNK9__gnu_cxx5__ops14_Val_less_iterclISt5tupleIJiiiEENS_17__normal_iteratorIPS4_St6vectorIS4_SaIS4_EEEEEEbRT_T0_
FNF:6
FNH:4
DA:44,24
DA:45,24
DA:50,7
DA:51,7
DA:63,0
DA:68,0
DA:69,0
DA:97,24
DA:98,24
DA:108,24
DA:109,24
LF:11
LH:8
end_of_record
TN:
SF:/usr/include/c++/14/bits/ptr_traits.h
FNL:0,205,209
FNA:0,112,_ZSt12__to_addressIN9GraphAlgo4EdgeEEPT_S3_
FNA:0,24,_ZSt12__to_addressISt5tupleIJiiiEEEPT_S3_
FNA:0,12,_ZSt12__to_addressISt6vectorIiSaIiEEEPT_S4_
FNA:0,47,_ZSt12__to_addressIiEPT_S1_
FNF:1
FNH:1
DA:205,195
DA:208,195
LF:2
LH:2
end_of_record
TN:
SF:/usr/include/c++/14/bits/random.h
FNL:0,244,250
FNA:0,2496,_ZNSt8__detail4_ModImLm4294967296ELm1ELm0ELb1ELb1EE6__calcEm
FNA:0,2492,_ZNSt8__detail4_ModImLm624ELm1ELm0ELb1ELb1EE6__calcEm
FNL:1,255,261
FNA:1,2496,_ZNSt8__detail5__modImLm4294967296ELm1ELm0EEET_S1_
FNA:1,2492,_ZNSt8__detail5__modImLm624ELm1ELm0EEET_S1_
FNL:2,647,648
FNA:2,4,_ZNSt23mersenne_twister_engineImLm32ELm624ELm397ELm31ELm2567483615ELm11ELm4294967295ELm7ELm2636928640ELm15ELm4022730752ELm18ELm1812433253EEC2Em
FNF:3
FNH:3
DA:244,4988
DA:246,4988
DA:248,4988
DA:249,4988
DA:255,4988
DA:260,4988
DA:647,4
DA:648,4
LF:8
LH:8
end_of_record
TN:
SF:/usr/include/c++/14/bits/random.tcc
FNL:0,326,343
FNA:0,4,_ZNSt23mersenne_twister_engineImLm32ELm624ELm397ELm31ELm2567483615ELm11ELm4294967295ELm7ELm2636928640ELm15ELm4022730752ELm18ELm1812433253EE4seedEm
FNL:1,397,425
FNA:1,4,_ZNSt23mersenne_twister_engineImLm32ELm624ELm397ELm31ELm2567483615ELm11ELm4294967295ELm7ELm2636928640ELm15ELm4022730752ELm18ELm1812433253EE11_M_gen_randEv
FNL:2,453,469
FNA:2,108,_ZNSt23mersenne_twister_engineImLm32ELm624ELm397ELm31ELm2567483615ELm11ELm4294967295ELm7ELm2636928640ELm15ELm4022730752ELm18ELm1812433253EEclEv
FNF:3
FNH:3
DA:326,4
DA:330,4
DA:331,4
DA:333,2496
DA:335,2492
DA:336,2492
DA:337,2492
DA:338,2492
DA:339,2492
DA:340,2492
DA:342,4
DA:343,4
DA:397,4
DA:401,4
DA:402,4
DA:404,912
DA:406,908
DA:407,908
DA:408,1816
DA:409,908
DA:412,1588
DA:414,1584
DA:415,1584
DA:416,3168
DA:417,1584
DA:420,4
DA:421,4
DA:422,8
DA:423,4
DA:424,4
DA:425,4
DA:453,108
DA:458,108
DA:459,4
DA:462,108
DA:463,108
DA:464,108
DA:465,108
DA:466,108
DA:468,108
LF:40
LH:40
end_of_record
TN:
SF:/usr/include/c++/14/bits/std_mutex.h
FNL:0,104,104
FNA:0,12,_ZNSt5mutexC2Ev
FNL:1,111,118
FNA:1,80,_ZNSt5mutex4lockEv
FNL:2,129,133
FNA:2,80,_ZNSt5mutex6unlockEv
FNL:3,67,67
FNA:3,12,_ZNSt12__mutex_baseC2Ev
FNF:4
FNH:4
DA:67,12
DA:104,12
DA:111,80
DA:113,80
DA:116,80
DA:117,0
DA:118,80
DA:129,80
DA:132,80
DA:133,80
LF:10
LH:9
end_of_record
TN:
SF:/usr/include/c++/14/bits/std_thread.h
FNL:0,101,101
FNA:0,54,_ZNSt6thread2idC2Ev
FNL:1,152,157
FNA:1,0,_ZNSt6thread24_M_thread_deps_never_runEv
FNL:2,163,176
FNA:2,15,_ZNSt6threadC2IRFviEJRiEvEEOT_DpOT0_
FNA:2,12,_ZNSt6threadC2IRFvvEJEvEEOT_DpOT0_
FNL:3,179,183
FNA:3,27,_ZNSt6threadD2Ev
FNL:4,205,206
FNA:4,27,_ZNKSt6thread8joinableEv
FNL:5,248,250
FNA:5,15,_ZNSt6thread11_State_implINS_8_InvokerISt5tupleIJPFviEiEEEEEC2IJRS3_RiEEEDpOT_
FNA:5,12,_ZNSt6thread11_State_implINS_8_InvokerISt5tupleIJPFvvEEEEEEC2IJRS3_EEEDpOT_
FNL:6,253,253
FNA:6,15,_ZNSt6thread11_State_implINS_8_InvokerISt5tupleIJPFviEiEEEEE6_M_runEv
FNA:6,12,_ZNSt6thread11_State_implINS_8_InvokerISt5tupleIJPFvvEEEEEE6_M_runEv
FNL:7,285,287
FNA:7,15,_ZNSt6thread8_InvokerISt5tupleIJPFviEiEEEC2IJRS2_RiEEEDpOT_
FNA:7,12,_ZNSt6thread8_InvokerISt5tupleIJPFvvEEEEC2IJRS2_EEEDpOT_
FNL:8,300,301
FNA:8,15,_ZNSt6thread8_InvokerISt5tupleIJPFviEiEEE9_M_invokeIJLm0ELm1EEEEvSt12_Index_tupleIJXspT_EEE
FNA:8,12,_ZNSt6thread8_InvokerISt5tupleIJPFvvEEEE9_M_invokeIJLm0EEEEvSt12_Index_tupleIJXspT_EEE
FNL:9,304,309
FNA:9,15,_ZNSt6thread8_InvokerISt5tupleIJPFviEiEEEclEv
FNA:9,12,_ZNSt6thread8_InvokerISt5tupleIJPFvvEEEEclEv
FNL:10,333,340
FNA:10,27,_ZSteqNSt6thread2idES0_
FNF:11
FNH:10
DA:101,54
DA:152,0
DA:157,0
DA:163,27
DA:164,27
DA:173,27
DA:176,27
DA:179,27
DA:181,27
DA:183,27
DA:205,27
DA:206,27
DA:248,27
DA:249,27
DA:250,27
DA:253,27
DA:285,27
DA:286,27
DA:287,27
DA:300,27
DA:301,27
DA:304,27
DA:308,27
DA:333,27
DA:339,27
LF:25
LH:23
end_of_record
TN:
SF:/usr/include/c++/14/bits/stl_algo.h
FNL:0,1054,1066
FNA:0,0,_ZSt9__reverseIN9__gnu_cxx17__normal_iteratorIPiSt6vectorIiSaIiEEEEEvT_S7_St26random_access_iterator_tag
FNL:1,1083,1090
FNA:1,0,_ZSt7reverseIN9__gnu_cxx17__normal_iteratorIPiSt6vectorIiSaIiEEEEEvT_S7_
FNL:2,1589,1597
FNA:2,0,_ZSt13__heap_selectIN9__gnu_cxx17__normal_iteratorIPSt5tupleIJiiiEESt6vectorIS3_SaIS3_EEEENS0_5__ops15_Iter_less_iterEEvT_SB_SB_T0_
FNL:3,1750,1764
FNA:3,24,_ZSt25__unguarded_linear_insertIN9__gnu_cxx17__normal_iteratorIPSt5tupleIJiiiEESt6vectorIS3_SaIS3_EEEENS0_5__ops14_Val_less_iterEEvT_T0_
FNL:4,1770,1788
FNA:4,7,_ZSt16__insertion_sortIN9__gnu_cxx17__normal_iteratorIPSt5tupleIJiiiEESt6vectorIS3_SaIS3_EEEENS0_5__ops15_Iter_less_iterEEvT_SB_T0_
FNL:5,1794,1800
FNA:5,0,_ZSt26__unguarded_insertion_sortIN9__gnu_cxx17__normal_iteratorIPSt5tupleIJiiiEESt6vectorIS3_SaIS3_EEEENS0_5__ops15_Iter_less_iterEEvT_SB_T0_
FNL:6,1812,1823
FNA:6,7,_ZSt22__final_insertion_sortIN9__gnu_cxx17__normal_iteratorIPSt5tupleIJiiiEESt6vectorIS3_SaIS3_EEEENS0_5__ops15_Iter_less_iterEEvT_SB_T0_
FNL:7,1829,1845
FNA:7,0,_ZSt21__unguarded_partitionIN9__gnu_cxx17__normal_iteratorIPSt5tupleIJiiiEESt6vectorIS3_SaIS3_EEEENS0_5__ops15_Iter_less_iterEET_SB_SB_SB_T0_
FNL:8,1851,1858
FNA:8,0,_ZSt27__unguarded_partition_pivotIN9__gnu_cxx17__normal_iteratorIPSt5tupleIJiiiEESt6vectorIS3_SaIS3_EEEENS0_5__ops15_Iter_less_iterEET_SB_SB_T0_
FNL:9,1863,1870
FNA:9,0,_ZSt14__partial_sortIN9__gnu_cxx17__normal_iteratorIPSt5tupleIJiiiEESt6vectorIS3_SaIS3_EEEENS0_5__ops15_Iter_less_iterEEvT_SB_SB_T0_
FNL:10,1876,1893
FNA:10,7,_ZSt16__introsort_loopIN9__gnu_cxx17__normal_iteratorIPSt5tupleIJiiiEESt6vectorIS3_SaIS3_EEEElNS0_5__ops15_Iter_less_iterEEvT_SB_T0_T1_
FNL:11,1900,1910
FNA:11,7,_ZSt6__sortIN9__gnu_cxx17__normal_iteratorIPSt5tupleIJiiiEESt6vectorIS3_SaIS3_EEEENS0_5__ops15_Iter_less_iterEEvT_SB_T0_
FNL:12,4762,4773
FNA:12,7,_ZSt4sortIN9__gnu_cxx17__normal_iteratorIPSt5tupleIJiiiEESt6vectorIS3_SaIS3_EEEEEvT_S9_
FNL:13,85,103
FNA:13,0,_ZSt22__move_median_to_firstIN9__gnu_cxx17__normal_iteratorIPSt5tupleIJiiiEESt6vectorIS3_SaIS3_EEEENS0_5__ops15_Iter_less_iterEEvT_SB_SB_SB_T0_
FNF:14
FNH:6
DA:85,0
DA:88,0
DA:90,0
DA:91,0
DA:92,0
DA:93,0
DA:95,0
DA:97,0
DA:98,0
DA:99,0
DA:100,0
DA:102,0
DA:103,0
DA:1054,0
DA:1057,0
DA:1058,0
DA:1059,0
DA:1060,0
DA:1062,0
DA:1063,0
DA:1064,0
DA:1083,0
DA:1089,0
DA:1090,0
DA:1589,0
DA:1593,0
DA:1594,0
DA:1595,0
DA:1596,0
DA:1597,0
DA:1750,24
DA:1754,24
DA:1755,24
DA:1756,24
DA:1757,24
DA:1759,0
DA:1760,0
DA:1761,0
DA:1763,24
DA:1764,24
DA:1770,7
DA:1773,7
DA:1775,31
DA:1777,24
DA:1780,0
DA:1781,0
DA:1782,0
DA:1785,24
DA:1786,24
DA:1794,0
DA:1797,0
DA:1798,0
DA:1799,0
DA:1800,0
DA:1812,7
DA:1815,7
DA:1817,0
DA:1818,0
DA:1822,7
DA:1823,7
DA:1829,0
DA:1835,0
DA:1836,0
DA:1837,0
DA:1838,0
DA:1839,0
DA:1840,0
DA:1841,0
DA:1842,0
DA:1843,0
DA:1851,0
DA:1854,0
DA:1855,0
DA:1857,0
DA:1863,0
DA:1868,0
DA:1869,0
DA:1870,0
DA:1876,7
DA:1880,7
DA:1882,0
DA:1884,0
DA:1885,0
DA:1887,0
DA:1889,0
DA:1890,0
DA:1891,0
DA:1900,7
DA:1903,7
DA:1905,7
DA:1906,7
DA:1908,7
DA:1910,7
DA:4762,7
DA:4772,7
DA:4773,7
LF:96
LH:28
end_of_record
TN:
SF:/usr/include/c++/14/bits/stl_algobase.h
FNL:0,1022,1030
FNA:0,14,_ZSt4fillIN9__gnu_cxx17__normal_iteratorIPiSt6vectorIiSaIiEEEEiEvT_S7_RKT0_
FNA:0,0,_ZSt4fillISt13_Bit_iteratorbEvT_S1_RKT0_
FNL:1,1042,1042
FNA:1,21,_ZSt17__size_to_integerm
FNL:2,1143,1156
FNA:2,21,_ZSt10__fill_n_aIPimiET_S1_T0_RKT1_St26random_access_iterator_tag
FNL:3,1178,1185
FNA:3,21,_ZSt6fill_nIPimiET_S1_T0_RKT1_
FNL:4,1547,1563
FNA:4,7,_ZSt4__lgIlET_S0_
FNL:5,155,187
FNA:5,0,_ZSt9iter_swapIN9__gnu_cxx17__normal_iteratorIPSt5tupleIJiiiEESt6vectorIS3_SaIS3_EEEES8_EvT_T0_
FNA:5,0,_ZSt9iter_swapIN9__gnu_cxx17__normal_iteratorIPiSt6vectorIiSaIiEEEES6_EvT_T0_
FNL:6,233,241
FNA:6,22,_ZSt3minIiERKT_S2_S2_
FNA:6,467,_ZSt3minImERKT_S2_S2_
FNL:7,257,265
FNA:7,0,_ZSt3maxIiERKT_S2_S2_
FNA:7,228,_ZSt3maxImERKT_S2_S2_
FNL:8,316,318
FNA:8,336,_ZSt12__niter_baseIPN9GraphAlgo4EdgeEET_S3_
FNA:8,0,_ZSt12__niter_baseIPP12PipelineDataET_S3_
FNA:8,0,_ZSt12__niter_baseIPPiET_S2_
FNA:8,72,_ZSt12__niter_baseIPSt5tupleIJiiiEEET_S3_
FNA:8,0,_ZSt12__niter_baseIPSt6vectorIN9GraphAlgo4EdgeESaIS2_EEET_S6_
FNA:8,36,_ZSt12__niter_baseIPSt6vectorIiSaIiEEET_S4_
FNA:8,203,_ZSt12__niter_baseIPiET_S1_
FNA:8,0,_ZSt12__niter_baseIPmET_S1_
FNA:8,0,_ZSt12__niter_baseISt13_Bit_iteratorET_S1_
FNA:8,0,_ZSt12__niter_baseISt19_Bit_const_iteratorET_S1_
FNL:9,346,347
FNA:9,0,_ZSt12__niter_wrapIN9__gnu_cxx17__normal_iteratorIPN9GraphAlgo4EdgeESt6vectorIS3_SaIS3_EEEES4_ET_S9_T0_
FNA:9,0,_ZSt12__niter_wrapIN9__gnu_cxx17__normal_iteratorIPSt5tupleIJiiiEESt6vectorIS3_SaIS3_EEEES4_ET_S9_T0_
FNA:9,0,_ZSt12__niter_wrapIN9__gnu_cxx17__normal_iteratorIPSt6vectorIN9GraphAlgo4EdgeESaIS4_EES2_IS6_SaIS6_EEEES7_ET_SB_T0_
FNA:9,0,_ZSt12__niter_wrapIN9__gnu_cxx17__normal_iteratorIPiSt6vectorIiSaIiEEEES2_ET_S7_T0_
FNL:10,353,354
FNA:10,0,_ZSt12__niter_wrapIPN9GraphAlgo4EdgeEET_RKS3_S3_
FNA:10,0,_ZSt12__niter_wrapIPP12PipelineDataET_RKS3_S3_
FNA:10,0,_ZSt12__niter_wrapIPPiET_RKS2_S2_
FNA:10,0,_ZSt12__niter_wrapIPSt6vectorIN9GraphAlgo4EdgeESaIS2_EEET_RKS6_S6_
FNA:10,62,_ZSt12__niter_wrapIPiET_RKS1_S1_
FNA:10,0,_ZSt12__niter_wrapIPmET_RKS1_S1_
FNA:10,0,_ZSt12__niter_wrapISt13_Bit_iteratorET_RKS1_S1_
FNL:11,398,408
FNA:11,0,_ZNSt11__copy_moveILb0ELb0ESt26random_access_iterator_tagE8__copy_mIPKSt6vectorIN9GraphAlgo4EdgeESaIS5_EEPS7_EET0_T_SC_SB_
FNA:11,0,_ZNSt11__copy_moveILb0ELb0ESt26random_access_iterator_tagE8__copy_mIPSt6vectorIN9GraphAlgo4EdgeESaIS5_EES8_EET0_T_SA_S9_
FNA:11,0,_ZNSt11__copy_moveILb0ELb0ESt26random_access_iterator_tagE8__copy_mISt13_Bit_iteratorS3_EET0_T_S5_S4_
FNA:11,0,_ZNSt11__copy_moveILb0ELb0ESt26random_access_iterator_tagE8__copy_mISt19_Bit_const_iteratorSt13_Bit_iteratorEET0_T_S6_S5_
FNL:12,412,413
FNA:12,0,_ZNSt11__copy_moveILb0ELb0ESt26random_access_iterator_tagE12__assign_oneIN9GraphAlgo4EdgeEKS4_EEvPT_PT0_
FNA:12,0,_ZNSt11__copy_moveILb0ELb0ESt26random_access_iterator_tagE12__assign_oneIN9GraphAlgo4EdgeES4_EEvPT_PT0_
FNA:12,0,_ZNSt11__copy_moveILb0ELb0ESt26random_access_iterator_tagE12__assign_oneIP12PipelineDataS4_EEvPT_PT0_
FNA:12,0,_ZNSt11__copy_moveILb0ELb0ESt26random_access_iterator_tagE12__assign_oneIPiS3_EEvPT_PT0_
FNA:12,6,_ZNSt11__copy_moveILb0ELb0ESt26random_access_iterator_tagE12__assign_oneIiKiEEvPT_PT0_
FNA:12,0,_ZNSt11__copy_moveILb0ELb0ESt26random_access_iterator_tagE12__assign_oneIiiEEvPT_PT0_
FNA:12,0,_ZNSt11__copy_moveILb0ELb0ESt26random_access_iterator_tagE12__assign_oneImmEEvPT_PT0_
FNL:13,437,438
FNA:13,0,_ZNSt11__copy_moveILb1ELb0ESt26random_access_iterator_tagE12__assign_oneIN9GraphAlgo4EdgeES4_EEvPT_PT0_
FNL:14,448,457
FNA:14,0,_ZNSt11__copy_moveILb0ELb1ESt26random_access_iterator_tagE8__copy_mIKN9GraphAlgo4EdgeES4_EEPT0_PT_S9_S7_
FNA:14,62,_ZNSt11__copy_moveILb0ELb1ESt26random_access_iterator_tagE8__copy_mIKiiEEPT0_PT_S7_S5_
FNA:14,0,_ZNSt11__copy_moveILb0ELb1ESt26random_access_iterator_tagE8__copy_mIN9GraphAlgo4EdgeES4_EEPT0_PT_S8_S6_
FNA:14,0,_ZNSt11__copy_moveILb0ELb1ESt26random_access_iterator_tagE8__copy_mIP12PipelineDataS4_EEPT0_PT_S8_S6_
FNA:14,0,_ZNSt11__copy_moveILb0ELb1ESt26random_access_iterator_tagE8__copy_mIPiS3_EEPT0_PT_S7_S5_
FNA:14,0,_ZNSt11__copy_moveILb0ELb1ESt26random_access_iterator_tagE8__copy_mIiiEEPT0_PT_S6_S4_
FNA:14,0,_ZNSt11__copy_moveILb0ELb1ESt26random_access_iterator_tagE8__copy_mImmEEPT0_PT_S6_S4_
FNA:14,0,_ZNSt11__copy_moveILb1ELb1ESt26random_access_iterator_tagE8__copy_mIN9GraphAlgo4EdgeES4_EEPT0_PT_S8_S6_
FNL:15,512,522
FNA:15,0,_ZSt14__copy_move_a2ILb0EPKN9GraphAlgo4EdgeEPS1_ET1_T0_S6_S5_
FNA:15,0,_ZSt14__copy_move_a2ILb0EPKSt6vectorIN9GraphAlgo4EdgeESaIS2_EEPS4_ET1_T0_S9_S8_
FNA:15,62,_ZSt14__copy_move_a2ILb0EPKiPiET1_T0_S4_S3_
FNA:15,0,_ZSt14__copy_move_a2ILb0EPN9GraphAlgo4EdgeES2_ET1_T0_S4_S3_
FNA:15,0,_ZSt14__copy_move_a2ILb0EPP12PipelineDataS2_ET1_T0_S4_S3_
FNA:15,0,_ZSt14__copy_move_a2ILb0EPPiS1_ET1_T0_S3_S2_
FNA:15,0,_ZSt14__copy_move_a2ILb0EPSt6vectorIN9GraphAlgo4EdgeESaIS2_EES5_ET1_T0_S7_S6_
FNA:15,0,_ZSt14__copy_move_a2ILb0EPiS0_ET1_T0_S2_S1_
FNA:15,0,_ZSt14__copy_move_a2ILb0EPmS0_ET1_T0_S2_S1_
FNA:15,0,_ZSt14__copy_move_a2ILb0ESt13_Bit_iteratorS0_ET1_T0_S2_S1_
FNA:15,0,_ZSt14__copy_move_a2ILb0ESt19_Bit_const_iteratorSt13_Bit_iteratorET1_T0_S3_S2_
FNA:15,0,_ZSt14__copy_move_a2ILb1EPN9GraphAlgo4EdgeES2_ET1_T0_S4_S3_
FNL:16,547,548
FNA:16,0,_ZSt14__copy_move_a1ILb0EPKN9GraphAlgo4EdgeEPS1_ET1_T0_S6_S5_
FNA:16,0,_ZSt14__copy_move_a1ILb0EPKSt6vectorIN9GraphAlgo4EdgeESaIS2_EEPS4_ET1_T0_S9_S8_
FNA:16,62,_ZSt14__copy_move_a1ILb0EPKiPiET1_T0_S4_S3_
FNA:16,0,_ZSt14__copy_move_a1ILb0EPN9GraphAlgo4EdgeES2_ET1_T0_S4_S3_
FNA:16,0,_ZSt14__copy_move_a1ILb0EPP12PipelineDataS2_ET1_T0_S4_S3_
FNA:16,0,_ZSt14__copy_move_a1ILb0EPPiS1_ET1_T0_S3_S2_
FNA:16,0,_ZSt14__copy_move_a1ILb0EPSt6vectorIN9GraphAlgo4EdgeESaIS2_EES5_ET1_T0_S7_S6_
FNA:16,0,_ZSt14__copy_move_a1ILb0EPiS0_ET1_T0_S2_S1_
FNA:16,0,_ZSt14__copy_move_a1ILb0EPmS0_ET1_T0_S2_S1_
FNA:16,0,_ZSt14__copy_move_a1ILb0ESt13_Bit_iteratorS0_ET1_T0_S2_S1_
FNA:16,0,_ZSt14__copy_move_a1ILb0ESt19_Bit_const_iteratorSt13_Bit_iteratorET1_T0_S3_S2_
FNA:16,0,_ZSt14__copy_move_a1ILb1EPN9GraphAlgo4EdgeES2_ET1_T0_S4_S3_
FNL:17,553,559
FNA:17,0,_ZSt13__copy_move_aILb0EN9__gnu_cxx17__normal_iteratorIPKN9GraphAlgo4EdgeESt6vectorIS3_SaIS3_EEEENS1_IPS3_S8_EEET1_T0_SD_SC_
FNA:17,0,_ZSt13__copy_move_aILb0EN9__gnu_cxx17__normal_iteratorIPKSt6vectorIN9GraphAlgo4EdgeESaIS4_EES2_IS6_SaIS6_EEEENS1_IPS6_SA_EEET1_T0_SF_SE_
FNA:17,0,_ZSt13__copy_move_aILb0EN9__gnu_cxx17__normal_iteratorIPKiSt6vectorIiSaIiEEEENS1_IPiS6_EEET1_T0_SB_SA_
FNA:17,62,_ZSt13__copy_move_aILb0EN9__gnu_cxx17__normal_iteratorIPKiSt6vectorIiSaIiEEEEPiET1_T0_SA_S9_
FNA:17,0,_ZSt13__copy_move_aILb0EPN9GraphAlgo4EdgeES2_ET1_T0_S4_S3_
FNA:17,0,_ZSt13__copy_move_aILb0EPP12PipelineDataS2_ET1_T0_S4_S3_
FNA:17,0,_ZSt13__copy_move_aILb0EPPiS1_ET1_T0_S3_S2_
FNA:17,0,_ZSt13__copy_move_aILb0EPSt6vectorIN9GraphAlgo4EdgeESaIS2_EES5_ET1_T0_S7_S6_
FNA:17,0,_ZSt13__copy_move_aILb0EPiS0_ET1_T0_S2_S1_
FNA:17,0,_ZSt13__copy_move_aILb0EPmS0_ET1_T0_S2_S1_
FNA:17,0,_ZSt13__copy_move_aILb0ESt13_Bit_iteratorS0_ET1_T0_S2_S1_
FNA:17,0,_ZSt13__copy_move_aILb0ESt19_Bit_const_iteratorSt13_Bit_iteratorET1_T0_S3_S2_
FNA:17,0,_ZSt13__copy_move_aILb1EN9__gnu_cxx17__normal_iteratorIPN9GraphAlgo4EdgeESt6vectorIS3_SaIS3_EEEES8_ET1_T0_SA_S9_
FNL:18,642,652
FNA:18,0,_ZSt4copyIN9__gnu_cxx17__normal_iteratorIPKN9GraphAlgo4EdgeESt6vectorIS3_SaIS3_EEEENS1_IPS3_S8_EEET0_T_SD_SC_
FNA:18,0,_ZSt4copyIN9__gnu_cxx17__normal_iteratorIPKSt6vectorIN9GraphAlgo4EdgeESaIS4_EES2_IS6_SaIS6_EEEENS1_IPS6_SA_EEET0_T_SF_SE_
FNA:18,0,_ZSt4copyIN9__gnu_cxx17__normal_iteratorIPKiSt6vectorIiSaIiEEEENS1_IPiS6_EEET0_T_SB_SA_
FNA:18,62,_ZSt4copyIN9__gnu_cxx17__normal_iteratorIPKiSt6vectorIiSaIiEEEEPiET0_T_SA_S9_
FNA:18,0,_ZSt4copyIPN9GraphAlgo4EdgeES2_ET0_T_S4_S3_
FNA:18,0,_ZSt4copyIPP12PipelineDataS2_ET0_T_S4_S3_
FNA:18,0,_ZSt4copyIPPiS1_ET0_T_S3_S2_
FNA:18,0,_ZSt4copyIPSt6vectorIN9GraphAlgo4EdgeESaIS2_EES5_ET0_T_S7_S6_
FNA:18,0,_ZSt4copyIPiS0_ET0_T_S2_S1_
FNA:18,0,_ZSt4copyIPmS0_ET0_T_S2_S1_
FNA:18,0,_ZSt4copyISt13_Bit_iteratorS0_ET0_T_S2_S1_
FNA:18,0,_ZSt4copyISt19_Bit_const_iteratorSt13_Bit_iteratorET0_T_S3_S2_
FNL:19,675,685
FNA:19,0,_ZSt4moveIN9__gnu_cxx17__normal_iteratorIPN9GraphAlgo4EdgeESt6vectorIS3_SaIS3_EEEES8_ET0_T_SA_S9_
FNL:20,728,735
FNA:20,0,_ZNSt20__copy_move_backwardILb0ELb0ESt26random_access_iterator_tagE13__copy_move_bISt13_Bit_iteratorS3_EET0_T_S5_S4_
FNL:21,745,752
FNA:21,0,_ZNSt20__copy_move_backwardILb1ELb0ESt26random_access_iterator_tagE13__copy_move_bIPSt5tupleIJiiiEES5_EET0_T_S7_S6_
FNL:22,762,771
FNA:22,0,_ZNSt20__copy_move_backwardILb0ELb1ESt26random_access_iterator_tagE13__copy_move_bIP12PipelineDataS4_EEPT0_PT_S8_S6_
FNA:22,0,_ZNSt20__copy_move_backwardILb0ELb1ESt26random_access_iterator_tagE13__copy_move_bIPiS3_EEPT0_PT_S7_S5_
FNL:23,777,790
FNA:23,0,_ZSt23__copy_move_backward_a2ILb0EPP12PipelineDataS2_ET1_T0_S4_S3_
FNA:23,0,_ZSt23__copy_move_backward_a2ILb0EPPiS1_ET1_T0_S3_S2_
FNA:23,0,_ZSt23__copy_move_backward_a2ILb0ESt13_Bit_iteratorS0_ET1_T0_S2_S1_
FNA:23,0,_ZSt23__copy_move_backward_a2ILb1EPSt5tupleIJiiiEES2_ET1_T0_S4_S3_
FNL:24,795,796
FNA:24,0,_ZSt23__copy_move_backward_a1ILb0EPP12PipelineDataS2_ET1_T0_S4_S3_
FNA:24,0,_ZSt23__copy_move_backward_a1ILb0EPPiS1_ET1_T0_S3_S2_
FNA:24,0,_ZSt23__copy_move_backward_a1ILb0ESt13_Bit_iteratorS0_ET1_T0_S2_S1_
FNA:24,0,_ZSt23__copy_move_backward_a1ILb1EPSt5tupleIJiiiEES2_ET1_T0_S4_S3_
FNL:25,823,829
FNA:25,0,_ZSt22__copy_move_backward_aILb0EPP12PipelineDataS2_ET1_T0_S4_S3_
FNA:25,0,_ZSt22__copy_move_backward_aILb0EPPiS1_ET1_T0_S3_S2_
FNA:25,0,_ZSt22__copy_move_backward_aILb0ESt13_Bit_iteratorS0_ET1_T0_S2_S1_
FNA:25,0,_ZSt22__copy_move_backward_aILb1EN9__gnu_cxx17__normal_iteratorIPSt5tupleIJiiiEESt6vectorIS3_SaIS3_EEEES8_ET1_T0_SA_S9_
FNL:26,878,889
FNA:26,0,_ZSt13copy_backwardIPP12PipelineDataS2_ET0_T_S4_S3_
FNA:26,0,_ZSt13copy_backwardIPPiS1_ET0_T_S3_S2_
FNA:26,0,_ZSt13copy_backwardISt13_Bit_iteratorS0_ET0_T_S2_S1_
FNL:27,913,925
FNA:27,0,_ZSt13move_backwardIN9__gnu_cxx17__normal_iteratorIPSt5tupleIJiiiEESt6vectorIS3_SaIS3_EEEES8_ET0_T_SA_S9_
FNL:28,947,953
FNA:28,35,_ZSt9__fill_a1IPiiEN9__gnu_cxx11__enable_ifIXsrSt11__is_scalarIT0_E7__valueEvE6__typeET_S8_RKS4_
FNL:29,978,981
FNA:29,14,_ZSt9__fill_a1IPiSt6vectorIiSaIiEEiEvN9__gnu_cxx17__normal_iteratorIT_T0_EES8_RKT1_
FNL:30,997,998
FNA:30,14,_ZSt8__fill_aIN9__gnu_cxx17__normal_iteratorIPiSt6vectorIiSaIiEEEEiEvT_S7_RKT0_
FNA:30,21,_ZSt8__fill_aIPiiEvT_S1_RKT0_
FNA:30,0,_ZSt8__fill_aISt13_Bit_iteratorbEvT_S1_RKT0_
FNF:31
FNH:18
DA:155,0
DA:185,0
DA:187,0
DA:233,489
DA:238,489
DA:239,19
DA:240,470
DA:257,228
DA:262,228
DA:263,113
DA:264,115
DA:316,647
DA:318,647
DA:346,0
DA:347,0
DA:353,62
DA:354,62
DA:398,0
DA:401,0
DA:403,0
DA:404,0
DA:405,0
DA:407,0
DA:412,6
DA:413,6
DA:437,0
DA:438,0
DA:448,62
DA:450,62
DA:451,62
DA:452,56
DA:453,6
DA:455,6
DA:456,62
DA:512,62
DA:521,62
DA:547,62
DA:548,62
DA:553,62
DA:555,62
DA:558,62
DA:642,62
DA:651,62
DA:675,0
DA:683,0
DA:684,0
DA:728,0
DA:731,0
DA:732,0
DA:733,0
DA:734,0
DA:745,0
DA:748,0
DA:749,0
DA:750,0
DA:751,0
DA:762,0
DA:764,0
DA:765,0
DA:766,0
DA:767,0
DA:769,0
DA:770,0
DA:777,0
DA:787,0
DA:789,0
DA:795,0
DA:796,0
DA:823,0
DA:825,0
DA:828,0
DA:878,0
DA:888,0
DA:913,0
DA:922,0
DA:924,0
DA:947,35
DA:950,35
DA:951,231
DA:952,196
DA:953,35
DA:978,14
DA:981,14
DA:997,35
DA:998,35
DA:1022,14
DA:1029,14
DA:1030,14
DA:1042,21
DA:1143,21
DA:1149,21
DA:1150,0
DA:1154,21
DA:1155,21
DA:1178,21
DA:1183,21
DA:1184,42
DA:1547,7
DA:1550,7
LF:99
LH:52
end_of_record
TN:
SF:/usr/include/c++/14/bits/stl_bvector.h
FNL:0,1000,1001
FNA:0,7,_ZNKSt6vectorIbSaIbEE5beginEv
FNL:1,1005,1006
FNA:1,0,_ZNSt6vectorIbSaIbEE3endEv
FNL:2,1010,1011
FNA:2,7,_ZNKSt6vectorIbSaIbEE3endEv
FNL:3,1036,1037
FNA:3,0,_ZNKSt6vectorIbSaIbEE6cbeginEv
FNL:4,104,111
FNA:4,84,_ZNSt14_Bit_referenceaSEb
FNL:5,1057,1058
FNA:5,7,_ZNKSt6vectorIbSaIbEE4sizeEv
FNL:6,1062,1071
FNA:6,0,_ZNKSt6vectorIbSaIbEE8max_sizeEv
FNL:7,1075,1077
FNA:7,0,_ZNKSt6vectorIbSaIbEE8capacityEv
FNL:8,1086,1087
FNA:8,280,_ZNSt6vectorIbSaIbEEixEm
FNL:9,1239,1244
FNA:9,0,_ZNSt6vectorIbSaIbEE6insertESt19_Bit_const_iteratormRKb
FNL:10,127,128
FNA:10,0,_ZNSt14_Bit_referenceaSERKS_
FNL:11,1339,1345
FNA:11,0,_ZNSt6vectorIbSaIbEE15_M_copy_alignedESt19_Bit_const_iteratorS2_St13_Bit_iterator
FNL:12,1349,1359
FNA:12,7,_ZNSt6vectorIbSaIbEE13_M_initializeEm
FNL:13,1363,1367
FNA:13,14,_ZNSt6vectorIbSaIbEE19_M_initialize_valueEb
FNL:14,1436,1448
FNA:14,7,_ZNSt6vectorIbSaIbEE14_M_fill_assignEmb
FNL:15,1530,1537
FNA:15,0,_ZNKSt6vectorIbSaIbEE12_M_check_lenEmPKc
FNL:16,1541,1542
FNA:16,7,_ZNSt6vectorIbSaIbEE15_M_erase_at_endESt13_Bit_iterator
FNL:17,1570,1581
FNA:17,0,_ZSt14__fill_bvectorPmjjb
FNL:18,1587,1598
FNA:18,14,_ZSt16__fill_bvector_nPmmb
FNL:19,1603,1619
FNA:19,0,_ZSt9__fill_a1St13_Bit_iteratorS_RKb
FNL:20,195,196
FNA:20,336,_ZNSt18_Bit_iterator_baseC2EPmj
FNL:21,200,208
FNA:21,0,_ZNSt18_Bit_iterator_base10_M_bump_upEv
FNL:22,212,220
FNA:22,0,_ZNSt18_Bit_iterator_base12_M_bump_downEv
FNL:23,224,236
FNA:23,294,_ZNSt18_Bit_iterator_base7_M_incrEl
FNL:24,292,298
FNA:24,7,_ZStmiRKSt18_Bit_iterator_baseS1_
FNL:25,313,313
FNA:25,28,_ZNSt13_Bit_iteratorC2Ev
FNL:26,316,317
FNA:26,294,_ZNSt13_Bit_iteratorC2EPmj
FNL:27,326,330
FNA:27,280,_ZNKSt13_Bit_iteratordeEv
FNL:28,334,338
FNA:28,0,_ZNSt13_Bit_iteratorppEv
FNL:29,351,355
FNA:29,0,_ZNSt13_Bit_iteratormmEv
FNL:30,368,372
FNA:30,294,_ZNSt13_Bit_iteratorpLEl
FNL:31,384,385
FNA:31,280,_ZNKSt13_Bit_iteratorixEl
FNL:32,389,394
FNA:32,294,_ZStplRKSt13_Bit_iteratorl
FNL:33,426,427
FNA:33,7,_ZNSt19_Bit_const_iteratorC2EPmj
FNL:34,430,431
FNA:34,7,_ZNSt19_Bit_const_iteratorC2ERKSt13_Bit_iterator
FNL:35,435,436
FNA:35,0,_ZNKSt19_Bit_const_iterator13_M_const_castEv
FNL:36,440,444
FNA:36,0,_ZNKSt19_Bit_const_iteratordeEv
FNL:37,448,452
FNA:37,0,_ZNSt19_Bit_const_iteratorppEv
FNL:38,551,553
FNA:38,14,_ZNSt13_Bvector_baseISaIbEE18_Bvector_impl_dataC2Ev
FNL:39,577,578
FNA:39,7,_ZNSt13_Bvector_baseISaIbEE18_Bvector_impl_data8_M_resetEv
FNL:40,603,605
FNA:40,7,_ZNSt13_Bvector_baseISaIbEE13_Bvector_implC2ERKSaImE
FNL:41,623,628
FNA:41,21,_ZNKSt13_Bvector_baseISaIbEE13_Bvector_impl11_M_end_addrEv
FNL:42,641,642
FNA:42,0,_ZNKSt13_Bvector_baseISaIbEE20_M_get_Bit_allocatorEv
FNL:43,656,657
FNA:43,7,_ZNSt13_Bvector_baseISaIbEEC2ERKS0_
FNL:44,669,670
FNA:44,7,_ZNSt13_Bvector_baseISaIbEED2Ev
FNL:45,677,689
FNA:45,7,_ZNSt13_Bvector_baseISaIbEE11_M_allocateEm
FNL:46,693,703
FNA:46,7,_ZNSt13_Bvector_baseISaIbEE13_M_deallocateEv
FNL:47,714,715
FNA:47,14,_ZNSt13_Bvector_baseISaIbEE8_S_nwordEm
FNL:48,795,806
FNA:48,7,_ZNSt6vectorIbSaIbEEC2EmRKbRKS0_
FNL:49,88,89
FNA:49,280,_ZNSt14_Bit_referenceC2EPmm
FNL:50,890,890
FNA:50,7,_ZNSt6vectorIbSaIbEED2Ev
FNL:51,965,966
FNA:51,7,_ZNSt6vectorIbSaIbEE6assignEmRKb
FNL:52,99,100
FNA:52,196,_ZNKSt14_Bit_referencecvbEv
FNL:53,995,996
FNA:53,287,_ZNSt6vectorIbSaIbEE5beginEv
FNF:54
FNH:36
DA:88,280
DA:89,280
DA:99,196
DA:100,196
DA:104,84
DA:106,84
DA:107,84
DA:109,0
DA:110,84
DA:127,0
DA:128,0
DA:189,588
DA:190,7
DA:192,588
DA:195,336
DA:196,336
DA:200,0
DA:203,0
DA:205,0
DA:206,0
DA:208,0
DA:212,0
DA:215,0
DA:217,0
DA:218,0
DA:220,0
DA:224,294
DA:227,294
DA:228,294
DA:229,294
DA:230,294
DA:232,0
DA:233,0
DA:235,294
DA:236,294
DA:292,7
DA:296,7
DA:297,7
DA:313,28
DA:316,294
DA:317,294
DA:326,280
DA:328,280
DA:329,280
DA:334,0
DA:336,0
DA:337,0
DA:351,0
DA:353,0
DA:354,0
DA:368,294
DA:370,294
DA:371,294
DA:384,280
DA:385,280
DA:389,294
DA:391,294
DA:392,294
DA:393,294
DA:426,7
DA:427,7
DA:430,7
DA:431,7
DA:435,0
DA:436,0
DA:440,0
DA:442,0
DA:443,0
DA:448,0
DA:450,0
DA:451,0
DA:551,14
DA:552,14
DA:553,14
DA:577,7
DA:578,7
DA:603,7
DA:604,7
DA:605,7
DA:623,21
DA:625,21
DA:626,21
DA:627,0
DA:641,0
DA:642,0
DA:656,7
DA:657,14
DA:669,7
DA:670,7
DA:677,7
DA:679,7
DA:688,7
DA:693,7
DA:695,7
DA:697,7
DA:698,7
DA:699,7
DA:701,7
DA:703,7
DA:714,14
DA:715,14
DA:795,7
DA:802,7
DA:804,7
DA:805,7
DA:806,7
DA:890,7
DA:965,7
DA:966,7
DA:995,287
DA:996,287
DA:1000,7
DA:1001,7
DA:1005,0
DA:1006,0
DA:1010,7
DA:1011,7
DA:1036,0
DA:1037,0
DA:1057,7
DA:1058,7
DA:1062,0
DA:1064,0
DA:1068,0
DA:1070,0
DA:1075,0
DA:1076,0
DA:1077,0
DA:1086,280
DA:1087,280
DA:1239,0
DA:1241,0
DA:1242,0
DA:1243,0
DA:1339,0
DA:1342,0
DA:1343,0
DA:1344,0
DA:1349,7
DA:1351,7
DA:1353,7
DA:1354,7
DA:1355,7
DA:1356,7
DA:1357,7
DA:1359,7
DA:1363,14
DA:1365,14
DA:1366,14
DA:1367,14
DA:1436,7
DA:1438,7
DA:1440,0
DA:1441,0
DA:1445,7
DA:1446,7
DA:1448,7
DA:1530,0
DA:1532,0
DA:1533,0
DA:1535,0
DA:1536,0
DA:1541,7
DA:1542,7
DA:1570,0
DA:1573,0
DA:1574,0
DA:1575,0
DA:1577,0
DA:1578,0
DA:1580,0
DA:1581,0
DA:1587,14
DA:1597,14
DA:1598,14
DA:1603,0
DA:1606,0
DA:1608,0
DA:1609,0
DA:1610,0
DA:1612,0
DA:1614,0
DA:1615,0
DA:1617,0
DA:1618,0
DA:1619,0
LF:186
LH:109
end_of_record
TN:
SF:/usr/include/c++/14/bits/stl_construct.h
FNL:0,109,120
FNA:0,616,_ZSt10_ConstructIN9GraphAlgo4EdgeEJRKS1_EEvPT_DpOT0_
FNA:0,0,_ZSt10_ConstructIN9GraphAlgo4EdgeEJRS1_EEvPT_DpOT0_
FNA:0,42,_ZSt10_ConstructISt3setIiSt4lessIiESaIiEEJEEvPT_DpOT0_
FNA:0,90,_ZSt10_ConstructISt6vectorIN9GraphAlgo4EdgeESaIS2_EEJEEvPT_DpOT0_
FNA:0,462,_ZSt10_ConstructISt6vectorIN9GraphAlgo4EdgeESaIS2_EEJRKS4_EEvPT_DpOT0_
FNA:0,0,_ZSt10_ConstructISt6vectorIN9GraphAlgo4EdgeESaIS2_EEJRS4_EEvPT_DpOT0_
FNA:0,42,_ZSt10_ConstructISt6vectorIiSaIiEEJRKS2_EEvPT_DpOT0_
FNA:0,14,_ZSt10_ConstructIiJEEvPT_DpOT0_
FNL:1,146,153
FNA:1,0,_ZSt8_DestroyI12PipelineDataEvPT_
FNA:1,42,_ZSt8_DestroyISt3setIiSt4lessIiESaIiEEEvPT_
FNA:1,552,_ZSt8_DestroyISt6vectorIN9GraphAlgo4EdgeESaIS2_EEEvPT_
FNA:1,55,_ZSt8_DestroyISt6vectorIiSaIiEEEvPT_
FNL:2,160,164
FNA:2,0,_ZNSt12_Destroy_auxILb0EE9__destroyIN9__gnu_cxx17__normal_iteratorIPSt6vectorIN9GraphAlgo4EdgeESaIS6_EES4_IS8_SaIS8_EEEEEEvT_SD_
FNA:2,12,_ZNSt12_Destroy_auxILb0EE9__destroyIP12PipelineDataEEvT_S4_
FNA:2,7,_ZNSt12_Destroy_auxILb0EE9__destroyIPSt3setIiSt4lessIiESaIiEEEEvT_S8_
FNA:2,134,_ZNSt12_Destroy_auxILb0EE9__destroyIPSt6vectorIN9GraphAlgo4EdgeESaIS4_EEEEvT_S8_
FNA:2,14,_ZNSt12_Destroy_auxILb0EE9__destroyIPSt6vectorIiSaIiEEEEvT_S6_
FNL:3,172,172
FNA:3,0,_ZNSt12_Destroy_auxILb1EE9__destroyIN9__gnu_cxx17__normal_iteratorIPN9GraphAlgo4EdgeESt6vectorIS5_SaIS5_EEEEEEvT_SB_
FNA:3,0,_ZNSt12_Destroy_auxILb1EE9__destroyIN9__gnu_cxx17__normal_iteratorIPiSt6vectorIiSaIiEEEEEEvT_S9_
FNA:3,552,_ZNSt12_Destroy_auxILb1EE9__destroyIPN9GraphAlgo4EdgeEEEvT_S5_
FNA:3,7,_ZNSt12_Destroy_auxILb1EE9__destroyIPSt5tupleIJiiiEEEEvT_S5_
FNA:3,116,_ZNSt12_Destroy_auxILb1EE9__destroyIPiEEvT_S3_
FNL:4,182,197
FNA:4,0,_ZSt8_DestroyIN9__gnu_cxx17__normal_iteratorIPN9GraphAlgo4EdgeESt6vectorIS3_SaIS3_EEEEEvT_S9_
FNA:4,0,_ZSt8_DestroyIN9__gnu_cxx17__normal_iteratorIPSt6vectorIN9GraphAlgo4EdgeESaIS4_EES2_IS6_SaIS6_EEEEEvT_SB_
FNA:4,0,_ZSt8_DestroyIN9__gnu_cxx17__normal_iteratorIPiSt6vectorIiSaIiEEEEEvT_S7_
FNA:4,12,_ZSt8_DestroyIP12PipelineDataEvT_S2_
FNA:4,552,_ZSt8_DestroyIPN9GraphAlgo4EdgeEEvT_S3_
FNA:4,7,_ZSt8_DestroyIPSt3setIiSt4lessIiESaIiEEEvT_S6_
FNA:4,7,_ZSt8_DestroyIPSt5tupleIJiiiEEEvT_S3_
FNA:4,134,_ZSt8_DestroyIPSt6vectorIN9GraphAlgo4EdgeESaIS2_EEEvT_S6_
FNA:4,14,_ZSt8_DestroyIPSt6vectorIiSaIiEEEvT_S4_
FNA:4,116,_ZSt8_DestroyIPiEvT_S1_
FNF:5
FNH:5
DA:109,1266
DA:119,1266
DA:120,1266
DA:146,649
DA:151,649
DA:153,649
DA:160,167
DA:162,816
DA:163,649
DA:164,167
DA:172,675
DA:182,842
DA:196,842
DA:197,842
LF:14
LH:14
end_of_record
TN:
SF:/usr/include/c++/14/bits/stl_deque.h
FNL:0,1027,1028
FNA:0,12,_ZNSt5dequeI12PipelineDataSaIS0_EED2Ev
FNA:0,21,_ZNSt5dequeIiSaIiEED2Ev
FNL:1,1151,1152
FNA:1,52,_ZNSt5dequeI12PipelineDataSaIS0_EE5beginEv
FNA:1,53,_ZNSt5dequeIiSaIiEE5beginEv
FNL:2,1170,1171
FNA:2,12,_ZNSt5dequeI12PipelineDataSaIS0_EE3endEv
FNA:2,63,_ZNSt5dequeIiSaIiEE3endEv
FNL:3,1268,1269
FNA:3,12,_ZNKSt5dequeI12PipelineDataSaIS0_EE4sizeEv
FNA:3,0,_ZNKSt5dequeIiSaIiEE4sizeEv
FNL:4,1274,1275
FNA:4,12,_ZNKSt5dequeI12PipelineDataSaIS0_EE8max_sizeEv
FNA:4,0,_ZNKSt5dequeIiSaIiEE8max_sizeEv
FNL:5,131,132
FNA:5,60,_ZNSt15_Deque_iteratorI12PipelineDataRS0_PS0_E14_S_buffer_sizeEv
FNA:5,42,_ZNSt15_Deque_iteratorIiRiPiE14_S_buffer_sizeEv
FNL:6,1347,1348
FNA:6,80,_ZNKSt5dequeI12PipelineDataSaIS0_EE5emptyEv
FNA:6,88,_ZNKSt5dequeIiSaIiEE5emptyEv
FNL:7,1444,1448
FNA:7,40,_ZNSt5dequeI12PipelineDataSaIS0_EE5frontEv
FNA:7,32,_ZNSt5dequeIiSaIiEE5frontEv
FNL:8,1468,1474
FNA:8,42,_ZNSt5dequeIiSaIiEE4backEv
FNL:9,151,152
FNA:9,24,_ZNSt15_Deque_iteratorI12PipelineDataRS0_PS0_EC2Ev
FNA:9,42,_ZNSt15_Deque_iteratorIiRiPiEC2Ev
FNL:10,1538,1549
FNA:10,40,_ZNSt5dequeI12PipelineDataSaIS0_EE9push_backERKS0_
FNA:10,77,_ZNSt5dequeIiSaIiEE9push_backERKi
FNL:11,1574,1586
FNA:11,40,_ZNSt5dequeI12PipelineDataSaIS0_EE9pop_frontEv
FNA:11,32,_ZNSt5dequeIiSaIiEE9pop_frontEv
FNL:12,1597,1609
FNA:12,42,_ZNSt5dequeIiSaIiEE8pop_backEv
FNL:13,168,170
FNA:13,88,_ZNSt15_Deque_iteratorI12PipelineDataRS0_PS0_EC2ERKS3_
FNA:13,116,_ZNSt15_Deque_iteratorIiRiPiEC2ERKS2_
FNL:14,181,182
FNA:14,40,_ZNKSt15_Deque_iteratorI12PipelineDataRS0_PS0_EdeEv
FNA:14,74,_ZNKSt15_Deque_iteratorIiRiPiEdeEv
FNL:15,1876,1881
FNA:15,12,_ZNSt5dequeI12PipelineDataSaIS0_EE11_S_max_sizeERKS1_
FNA:15,0,_ZNSt5dequeIiSaIiEE11_S_max_sizeERKS0_
FNL:16,2091,2096
FNA:16,12,_ZNSt5dequeI12PipelineDataSaIS0_EE15_M_destroy_dataESt15_Deque_iteratorIS0_RS0_PS0_ES6_RKS1_
FNA:16,21,_ZNSt5dequeIiSaIiEE15_M_destroy_dataESt15_Deque_iteratorIiRiPiES5_RKS0_
FNL:17,210,219
FNA:17,42,_ZNSt15_Deque_iteratorIiRiPiEmmEv
FNL:18,2172,2177
FNA:18,12,_ZNSt5dequeI12PipelineDataSaIS0_EE22_M_reserve_map_at_backEm
FNA:18,0,_ZNSt5dequeIiSaIiEE22_M_reserve_map_at_backEm
FNL:19,263,268
FNA:19,48,_ZNSt15_Deque_iteratorI12PipelineDataRS0_PS0_E11_M_set_nodeEPS2_
FNA:19,42,_ZNSt15_Deque_iteratorIiRiPiE11_M_set_nodeEPS1_
FNL:20,272,273
FNA:20,80,_ZSteqRKSt15_Deque_iteratorI12PipelineDataRS0_PS0_ES5_
FNA:20,88,_ZSteqRKSt15_Deque_iteratorIiRiPiES4_
FNL:21,370,376
FNA:21,12,_ZStmiRKSt15_Deque_iteratorI12PipelineDataRS0_PS0_ES5_
FNA:21,0,_ZStmiRKSt15_Deque_iteratorIiRiPiES4_
FNL:22,458,460
FNA:22,12,_ZNSt11_Deque_baseI12PipelineDataSaIS0_EEC2Ev
FNA:22,21,_ZNSt11_Deque_baseIiSaIiEEC2Ev
FNL:23,516,518
FNA:23,12,_ZNSt11_Deque_baseI12PipelineDataSaIS0_EE16_Deque_impl_dataC2Ev
FNA:23,21,_ZNSt11_Deque_baseIiSaIiEE16_Deque_impl_dataC2Ev
FNL:24,545,548
FNA:24,12,_ZNSt11_Deque_baseI12PipelineDataSaIS0_EE11_Deque_implC2Ev
FNA:24,21,_ZNSt11_Deque_baseIiSaIiEE11_Deque_implC2Ev
FNL:25,568,569
FNA:25,64,_ZNSt11_Deque_baseI12PipelineDataSaIS0_EE19_M_get_Tp_allocatorEv
FNA:25,95,_ZNSt11_Deque_baseIiSaIiEE19_M_get_Tp_allocatorEv
FNL:26,572,573
FNA:26,36,_ZNKSt11_Deque_baseI12PipelineDataSaIS0_EE19_M_get_Tp_allocatorEv
FNA:26,42,_ZNKSt11_Deque_baseIiSaIiEE19_M_get_Tp_allocatorEv
FNL:27,576,577
FNA:27,24,_ZNKSt11_Deque_baseI12PipelineDataSaIS0_EE20_M_get_map_allocatorEv
FNA:27,42,_ZNKSt11_Deque_baseIiSaIiEE20_M_get_map_allocatorEv
FNL:28,580,584
FNA:28,24,_ZNSt11_Deque_baseI12PipelineDataSaIS0_EE16_M_allocate_nodeEv
FNA:28,21,_ZNSt11_Deque_baseIiSaIiEE16_M_allocate_nodeEv
FNL:29,587,591
FNA:29,24,_ZNSt11_Deque_baseI12PipelineDataSaIS0_EE18_M_deallocate_nodeEPS0_
FNA:29,21,_ZNSt11_Deque_baseIiSaIiEE18_M_deallocate_nodeEPi
FNL:30,594,598
FNA:30,12,_ZNSt11_Deque_baseI12PipelineDataSaIS0_EE15_M_allocate_mapEm
FNA:30,21,_ZNSt11_Deque_baseIiSaIiEE15_M_allocate_mapEm
FNL:31,601,605
FNA:31,12,_ZNSt11_Deque_baseI12PipelineDataSaIS0_EE17_M_deallocate_mapEPPS0_m
FNA:31,21,_ZNSt11_Deque_baseIiSaIiEE17_M_deallocate_mapEPPim
FNL:32,617,626
FNA:32,12,_ZNSt11_Deque_baseI12PipelineDataSaIS0_EED2Ev
FNA:32,21,_ZNSt11_Deque_baseIiSaIiEED2Ev
FNL:33,638,673
FNA:33,12,_ZNSt11_Deque_baseI12PipelineDataSaIS0_EE17_M_initialize_mapEm
FNA:33,21,_ZNSt11_Deque_baseIiSaIiEE17_M_initialize_mapEm
FNL:34,677,691
FNA:34,12,_ZNSt11_Deque_baseI12PipelineDataSaIS0_EE15_M_create_nodesEPPS0_S4_
FNA:34,21,_ZNSt11_Deque_baseIiSaIiEE15_M_create_nodesEPPiS3_
FNL:35,695,701
FNA:35,12,_ZNSt11_Deque_baseI12PipelineDataSaIS0_EE16_M_destroy_nodesEPPS0_S4_
FNA:35,21,_ZNSt11_Deque_baseIiSaIiEE16_M_destroy_nodesEPPiS3_
FNL:36,828,829
FNA:36,0,_ZNSt5dequeI12PipelineDataSaIS0_EE14_S_buffer_sizeEv
FNL:37,855,855
FNA:37,12,_ZNSt5dequeI12PipelineDataSaIS0_EEC2Ev
FNA:37,21,_ZNSt5dequeIiSaIiEEC2Ev
FNL:38,96,98
FNA:38,258,_ZSt16__deque_buf_sizem
FNF:39
FNH:38
DA:96,258
DA:98,258
DA:131,102
DA:132,102
DA:151,66
DA:152,66
DA:168,204
DA:169,204
DA:170,204
DA:181,114
DA:182,114
DA:210,42
DA:212,42
DA:214,0
DA:215,0
DA:217,42
DA:218,42
DA:263,90
DA:265,90
DA:266,90
DA:267,90
DA:268,90
DA:272,168
DA:273,168
DA:370,12
DA:372,12
DA:373,12
DA:374,12
DA:375,12
DA:458,33
DA:459,33
DA:460,33
DA:516,33
DA:517,33
DA:518,33
DA:545,33
DA:547,33
DA:548,33
DA:568,159
DA:569,159
DA:572,78
DA:573,78
DA:576,66
DA:577,132
DA:580,45
DA:583,90
DA:587,45
DA:590,45
DA:591,45
DA:594,33
DA:596,33
DA:597,66
DA:601,33
DA:603,33
DA:605,33
DA:617,33
DA:620,33
DA:622,33
DA:623,33
DA:624,33
DA:626,33
DA:638,33
DA:641,33
DA:644,66
DA:645,33
DA:646,33
DA:653,33
DA:654,33
DA:655,33
DA:658,33
DA:659,0
DA:661,0
DA:662,0
DA:663,0
DA:664,0
DA:667,33
DA:668,33
DA:669,33
DA:670,66
DA:671,33
DA:672,33
DA:673,33
DA:677,33
DA:683,66
DA:684,33
DA:686,0
DA:688,0
DA:689,0
DA:691,33
DA:695,33
DA:699,66
DA:700,33
DA:701,33
DA:828,0
DA:829,0
DA:855,33
DA:1027,33
DA:1028,33
DA:1151,105
DA:1152,105
DA:1170,75
DA:1171,75
DA:1268,12
DA:1269,12
DA:1274,12
DA:1275,12
DA:1347,168
DA:1348,168
DA:1444,72
DA:1447,72
DA:1468,42
DA:1471,42
DA:1472,42
DA:1473,42
DA:1538,117
DA:1540,117
DA:1541,117
DA:1543,105
DA:1545,105
DA:1548,12
DA:1549,117
DA:1574,72
DA:1577,72
DA:1578,72
DA:1580,60
DA:1582,60
DA:1585,12
DA:1586,72
DA:1597,42
DA:1600,42
DA:1601,42
DA:1603,42
DA:1604,42
DA:1608,0
DA:1609,42
DA:1876,12
DA:1878,12
DA:1879,12
DA:1880,12
DA:2091,33
DA:2095,12
DA:2096,33
DA:2172,12
DA:2174,12
DA:2175,12
DA:2176,0
DA:2177,12
LF:147
LH:133
end_of_record
TN:
SF:/usr/include/c++/14/bits/stl_function.h
FNL:0,1163,1164
FNA:0,272,_ZNKSt9_IdentityISt4pairIiiEEclERKS1_
FNA:0,1605,_ZNKSt9_IdentityIiEclERKi
FNL:1,404,405
FNA:1,212,_ZNKSt4lessISt4pairIiiEEclERKS1_S4_
FNA:1,1215,_ZNKSt4lessIiEclERKiS2_
FNF:2
FNH:2
DA:404,1427
DA:405,1427
DA:1163,1877
DA:1164,1877
LF:4
LH:4
end_of_record
TN:
SF:/usr/include/c++/14/bits/stl_heap.h
FNL:0,135,147
FNA:0,0,_ZSt11__push_heapIN9__gnu_cxx17__normal_iteratorIPSt5tupleIJiiiEESt6vectorIS3_SaIS3_EEEElS3_NS0_5__ops14_Iter_less_valEEvT_T0_SC_T1_RT2_
FNL:1,224,249
FNA:1,0,_ZSt13__adjust_heapIN9__gnu_cxx17__normal_iteratorIPSt5tupleIJiiiEESt6vectorIS3_SaIS3_EEEElS3_NS0_5__ops15_Iter_less_iterEEvT_T0_SC_T1_T2_
FNL:2,254,267
FNA:2,0,_ZSt10__pop_heapIN9__gnu_cxx17__normal_iteratorIPSt5tupleIJiiiEESt6vectorIS3_SaIS3_EEEENS0_5__ops15_Iter_less_iterEEvT_SB_SB_RT0_
FNL:3,340,362
FNA:3,0,_ZSt11__make_heapIN9__gnu_cxx17__normal_iteratorIPSt5tupleIJiiiEESt6vectorIS3_SaIS3_EEEENS0_5__ops15_Iter_less_iterEEvT_SB_RT0_
FNL:4,419,427
FNA:4,0,_ZSt11__sort_heapIN9__gnu_cxx17__normal_iteratorIPSt5tupleIJiiiEESt6vectorIS3_SaIS3_EEEENS0_5__ops15_Iter_less_iterEEvT_SB_RT0_
FNF:5
FNH:0
DA:135,0
DA:139,0
DA:140,0
DA:142,0
DA:143,0
DA:144,0
DA:146,0
DA:147,0
DA:224,0
DA:227,0
DA:228,0
DA:229,0
DA:231,0
DA:232,0
DA:234,0
DA:235,0
DA:236,0
DA:238,0
DA:240,0
DA:241,0
DA:243,0
DA:246,0
DA:247,0
DA:248,0
DA:249,0
DA:254,0
DA:262,0
DA:263,0
DA:264,0
DA:265,0
DA:266,0
DA:267,0
DA:340,0
DA:348,0
DA:349,0
DA:351,0
DA:352,0
DA:353,0
DA:355,0
DA:356,0
DA:358,0
DA:359,0
DA:360,0
DA:419,0
DA:422,0
DA:424,0
DA:425,0
DA:427,0
LF:48
LH:0
end_of_record
TN:
SF:/usr/include/c++/14/bits/stl_iterator.h
FNL:0,1067,1068
FNA:0,1428,_ZN9__gnu_cxx17__normal_iteratorIPKN9GraphAlgo4EdgeESt6vectorIS2_SaIS2_EEEC2ERKS4_
FNA:0,208,_ZN9__gnu_cxx17__normal_iteratorIPKSt6vectorIN9GraphAlgo4EdgeESaIS3_EES1_IS5_SaIS5_EEEC2ERKS7_
FNA:0,150,_ZN9__gnu_cxx17__normal_iteratorIPKiSt6vectorIiSaIiEEEC2ERKS2_
FNA:0,448,_ZN9__gnu_cxx17__normal_iteratorIPN9GraphAlgo4EdgeESt6vectorIS2_SaIS2_EEEC2ERKS3_
FNA:0,145,_ZN9__gnu_cxx17__normal_iteratorIPSt5tupleIJiiiEESt6vectorIS2_SaIS2_EEEC2ERKS3_
FNA:0,0,_ZN9__gnu_cxx17__normal_iteratorIPSt6vectorIN9GraphAlgo4EdgeESaIS3_EES1_IS5_SaIS5_EEEC2ERKS6_
FNA:0,38,_ZN9__gnu_cxx17__normal_iteratorIPSt6vectorIiSaIiEES1_IS3_SaIS3_EEEC2ERKS4_
FNA:0,136,_ZN9__gnu_cxx17__normal_iteratorIPiSt6vectorIiSaIiEEEC2ERKS1_
FNL:1,1074,1085
FNA:1,0,_ZN9__gnu_cxx17__normal_iteratorIPKN9GraphAlgo4EdgeESt6vectorIS2_SaIS2_EEEC2IPS2_vEERKNS0_IT_S7_EE
FNL:2,1090,1091
FNA:2,952,_ZNK9__gnu_cxx17__normal_iteratorIPKN9GraphAlgo4EdgeESt6vectorIS2_SaIS2_EEEdeEv
FNA:2,462,_ZNK9__gnu_cxx17__normal_iteratorIPKSt6vectorIN9GraphAlgo4EdgeESaIS3_EES1_IS5_SaIS5_EEEdeEv
FNA:2,42,_ZNK9__gnu_cxx17__normal_iteratorIPKiSt6vectorIiSaIiEEEdeEv
FNA:2,112,_ZNK9__gnu_cxx17__normal_iteratorIPN9GraphAlgo4EdgeESt6vectorIS2_SaIS2_EEEdeEv
FNA:2,182,_ZNK9__gnu_cxx17__normal_iteratorIPSt5tupleIJiiiEESt6vectorIS2_SaIS2_EEEdeEv
FNA:2,0,_ZNK9__gnu_cxx17__normal_iteratorIPSt6vectorIN9GraphAlgo4EdgeESaIS3_EES1_IS5_SaIS5_EEEdeEv
FNA:2,13,_ZNK9__gnu_cxx17__normal_iteratorIPSt6vectorIiSaIiEES1_IS3_SaIS3_EEEdeEv
FNA:2,14,_ZNK9__gnu_cxx17__normal_iteratorIPiSt6vectorIiSaIiEEEdeEv
FNL:3,1095,1096
FNA:3,0,_ZNK9__gnu_cxx17__normal_iteratorIPN9GraphAlgo4EdgeESt6vectorIS2_SaIS2_EEEptEv
FNL:4,1100,1104
FNA:4,952,_ZN9__gnu_cxx17__normal_iteratorIPKN9GraphAlgo4EdgeESt6vectorIS2_SaIS2_EEEppEv
FNA:4,462,_ZN9__gnu_cxx17__normal_iteratorIPKSt6vectorIN9GraphAlgo4EdgeESaIS3_EES1_IS5_SaIS5_EEEppEv
FNA:4,42,_ZN9__gnu_cxx17__normal_iteratorIPKiSt6vectorIiSaIiEEEppEv
FNA:4,0,_ZN9__gnu_cxx17__normal_iteratorIPN9GraphAlgo4EdgeESt6vectorIS2_SaIS2_EEEppEv
FNA:4,55,_ZN9__gnu_cxx17__normal_iteratorIPSt5tupleIJiiiEESt6vectorIS2_SaIS2_EEEppEv
FNA:4,0,_ZN9__gnu_cxx17__normal_iteratorIPSt6vectorIN9GraphAlgo4EdgeESaIS3_EES1_IS5_SaIS5_EEEppEv
FNA:4,13,_ZN9__gnu_cxx17__normal_iteratorIPSt6vectorIiSaIiEES1_IS3_SaIS3_EEEppEv
FNA:4,14,_ZN9__gnu_cxx17__normal_iteratorIPiSt6vectorIiSaIiEEEppEv
FNL:5,1114,1118
FNA:5,24,_ZN9__gnu_cxx17__normal_iteratorIPSt5tupleIJiiiEESt6vectorIS2_SaIS2_EEEmmEv
FNA:5,0,_ZN9__gnu_cxx17__normal_iteratorIPiSt6vectorIiSaIiEEEmmEv
FNL:6,1138,1139
FNA:6,0,_ZNK9__gnu_cxx17__normal_iteratorIPN9GraphAlgo4EdgeESt6vectorIS2_SaIS2_EEEplEl
FNA:6,7,_ZNK9__gnu_cxx17__normal_iteratorIPSt5tupleIJiiiEESt6vectorIS2_SaIS2_EEEplEl
FNA:6,0,_ZNK9__gnu_cxx17__normal_iteratorIPSt6vectorIN9GraphAlgo4EdgeESaIS3_EES1_IS5_SaIS5_EEEplEl
FNA:6,0,_ZNK9__gnu_cxx17__normal_iteratorIPiSt6vectorIiSaIiEEEplEl
FNL:7,1148,1149
FNA:7,112,_ZNK9__gnu_cxx17__normal_iteratorIPN9GraphAlgo4EdgeESt6vectorIS2_SaIS2_EEEmiEl
FNA:7,31,_ZNK9__gnu_cxx17__normal_iteratorIPSt5tupleIJiiiEESt6vectorIS2_SaIS2_EEEmiEl
FNL:8,1153,1154
FNA:8,3332,_ZNK9__gnu_cxx17__normal_iteratorIPKN9GraphAlgo4EdgeESt6vectorIS2_SaIS2_EEE4baseEv
FNA:8,1132,_ZNK9__gnu_cxx17__normal_iteratorIPKSt6vectorIN9GraphAlgo4EdgeESaIS3_EES1_IS5_SaIS5_EEE4baseEv
FNA:8,234,_ZNK9__gnu_cxx17__normal_iteratorIPKiSt6vectorIiSaIiEEE4baseEv
FNA:8,224,_ZNK9__gnu_cxx17__normal_iteratorIPN9GraphAlgo4EdgeESt6vectorIS2_SaIS2_EEE4baseEv
FNA:8,256,_ZNK9__gnu_cxx17__normal_iteratorIPSt5tupleIJiiiEESt6vectorIS2_SaIS2_EEE4baseEv
FNA:8,0,_ZNK9__gnu_cxx17__normal_iteratorIPSt6vectorIN9GraphAlgo4EdgeESaIS3_EES1_IS5_SaIS5_EEE4baseEv
FNA:8,64,_ZNK9__gnu_cxx17__normal_iteratorIPSt6vectorIiSaIiEES1_IS3_SaIS3_EEE4baseEv
FNA:8,164,_ZNK9__gnu_cxx17__normal_iteratorIPiSt6vectorIiSaIiEEE4baseEv
FNL:9,1216,1219
FNA:9,0,_ZN9__gnu_cxxeqIPKN9GraphAlgo4EdgeESt6vectorIS2_SaIS2_EEEEbRKNS_17__normal_iteratorIT_T0_EESD_
FNA:9,0,_ZN9__gnu_cxxeqIPKiSt6vectorIiSaIiEEEEbRKNS_17__normal_iteratorIT_T0_EESB_
FNA:9,7,_ZN9__gnu_cxxeqIPSt5tupleIJiiiEESt6vectorIS2_SaIS2_EEEEbRKNS_17__normal_iteratorIT_T0_EESC_
FNA:9,0,_ZN9__gnu_cxxeqIPiSt6vectorIiSaIiEEEEbRKNS_17__normal_iteratorIT_T0_EESA_
FNL:10,1232,1235
FNA:10,1666,_ZN9__gnu_cxxneIPKN9GraphAlgo4EdgeESt6vectorIS2_SaIS2_EEEEbRKNS_17__normal_iteratorIT_T0_EESD_
FNA:10,566,_ZN9__gnu_cxxneIPKSt6vectorIN9GraphAlgo4EdgeESaIS3_EES1_IS5_SaIS5_EEEEbRKNS_17__normal_iteratorIT_T0_EESF_
FNA:10,55,_ZN9__gnu_cxxneIPKiSt6vectorIiSaIiEEEEbRKNS_17__normal_iteratorIT_T0_EESB_
FNA:10,0,_ZN9__gnu_cxxneIPN9GraphAlgo4EdgeESt6vectorIS2_SaIS2_EEEEbRKNS_17__normal_iteratorIT_T0_EESC_
FNA:10,76,_ZN9__gnu_cxxneIPSt5tupleIJiiiEESt6vectorIS2_SaIS2_EEEEbRKNS_17__normal_iteratorIT_T0_EESC_
FNA:10,0,_ZN9__gnu_cxxneIPSt6vectorIN9GraphAlgo4EdgeESaIS3_EES1_IS5_SaIS5_EEEEbRKNS_17__normal_iteratorIT_T0_EESE_
FNA:10,20,_ZN9__gnu_cxxneIPSt6vectorIiSaIiEES1_IS3_SaIS3_EEEEbRKNS_17__normal_iteratorIT_T0_EESC_
FNA:10,21,_ZN9__gnu_cxxneIPiSt6vectorIiSaIiEEEEbRKNS_17__normal_iteratorIT_T0_EESA_
FNL:11,1249,1252
FNA:11,0,_ZN9__gnu_cxxltIPSt5tupleIJiiiEESt6vectorIS2_SaIS2_EEEEbRKNS_17__normal_iteratorIT_T0_EESC_
FNA:11,0,_ZN9__gnu_cxxltIPiSt6vectorIiSaIiEEEEbRKNS_17__normal_iteratorIT_T0_EESA_
FNL:12,1325,1328
FNA:12,0,_ZN9__gnu_cxxmiIPKN9GraphAlgo4EdgeESt6vectorIS2_SaIS2_EEEENS_17__normal_iteratorIT_T0_E15difference_typeERKSB_SE_
FNA:12,112,_ZN9__gnu_cxxmiIPN9GraphAlgo4EdgeESt6vectorIS2_SaIS2_EEEENS_17__normal_iteratorIT_T0_E15difference_typeERKSA_SD_
FNA:12,45,_ZN9__gnu_cxxmiIPSt5tupleIJiiiEESt6vectorIS2_SaIS2_EEEENS_17__normal_iteratorIT_T0_E15difference_typeERKSA_SD_
FNA:12,12,_ZN9__gnu_cxxmiIPSt6vectorIiSaIiEES1_IS3_SaIS3_EEEENS_17__normal_iteratorIT_T0_E15difference_typeERKSA_SD_
FNA:12,47,_ZN9__gnu_cxxmiIPiSt6vectorIiSaIiEEEENS_17__normal_iteratorIT_T0_E15difference_typeERKS8_SB_
FNL:13,1348,1350
FNA:13,0,_ZSt12__niter_baseIPKN9GraphAlgo4EdgeESt6vectorIS1_SaIS1_EEET_N9__gnu_cxx17__normal_iteratorIS7_T0_EE
FNA:13,0,_ZSt12__niter_baseIPKSt6vectorIN9GraphAlgo4EdgeESaIS2_EES0_IS4_SaIS4_EEET_N9__gnu_cxx17__normal_iteratorIS9_T0_EE
FNA:13,124,_ZSt12__niter_baseIPKiSt6vectorIiSaIiEEET_N9__gnu_cxx17__normal_iteratorIS5_T0_EE
FNA:13,0,_ZSt12__niter_baseIPN9GraphAlgo4EdgeESt6vectorIS1_SaIS1_EEET_N9__gnu_cxx17__normal_iteratorIS6_T0_EE
FNA:13,0,_ZSt12__niter_baseIPSt5tupleIJiiiEESt6vectorIS1_SaIS1_EEET_N9__gnu_cxx17__normal_iteratorIS6_T0_EE
FNA:13,0,_ZSt12__niter_baseIPSt6vectorIN9GraphAlgo4EdgeESaIS2_EES0_IS4_SaIS4_EEET_N9__gnu_cxx17__normal_iteratorIS8_T0_EE
FNA:13,0,_ZSt12__niter_baseIPiSt6vectorIiSaIiEEET_N9__gnu_cxx17__normal_iteratorIS4_T0_EE
FNF:14
FNH:11
DA:1067,2553
DA:1068,2553
DA:1074,0
DA:1085,0
DA:1090,1777
DA:1091,1777
DA:1095,0
DA:1096,0
DA:1100,1538
DA:1102,1538
DA:1103,1538
DA:1114,24
DA:1116,24
DA:1117,24
DA:1138,7
DA:1139,7
DA:1148,143
DA:1149,143
DA:1153,5406
DA:1154,5406
DA:1216,7
DA:1219,7
DA:1232,2404
DA:1235,2404
DA:1249,0
DA:1252,0
DA:1325,216
DA:1328,216
DA:1348,124
DA:1350,124
LF:30
LH:24
end_of_record
TN:
SF:/usr/include/c++/14/bits/stl_iterator_base_funcs.h
FNF:0
FNH:0
DA:106,25
DA:151,50
DA:152,50
LF:3
LH:3
end_of_record
TN:
SF:/usr/include/c++/14/bits/stl_iterator_base_types.h
FNF:0
FNH:0
DA:240,46
LF:1
LH:1
end_of_record
TN:
SF:/usr/include/c++/14/bits/stl_pair.h
FNL:0,1045,1047
FNA:0,212,_ZStltIiiEbRKSt4pairIT_T0_ES5_
FNL:1,1132,1138
FNA:1,0,_ZSt9make_pairIRKiS1_ESt4pairINSt25__strip_reference_wrapperINSt5decayIT_E4typeEE6__typeENS3_INS4_IT0_E4typeEE6__typeEEOS5_OSA_
FNA:1,38,_ZSt9make_pairIRiS0_ESt4pairINSt25__strip_reference_wrapperINSt5decayIT_E4typeEE6__typeENS2_INS3_IT0_E4typeEE6__typeEEOS4_OS9_
FNL:2,752,753
FNA:2,0,_ZNSt4pairIPSt18_Rb_tree_node_baseS1_EC2IS1_S1_Lb1EEERKS1_S5_
FNA:2,0,_ZNSt4pairIiiEC2IiiLb1EEERKiS3_
FNL:3,881,883
FNA:3,32,_ZNSt4pairIPSt18_Rb_tree_node_baseS1_EC2IRPSt13_Rb_tree_nodeIS_IiiEERS1_Lb1EEEOT_OT0_
FNA:3,267,_ZNSt4pairIPSt18_Rb_tree_node_baseS1_EC2IRPSt13_Rb_tree_nodeIiERS1_Lb1EEEOT_OT0_
FNA:3,32,_ZNSt4pairISt17_Rb_tree_iteratorIS_IiiEEbEC2IS2_bLb1EEEOT_OT0_
FNA:3,60,_ZNSt4pairISt17_Rb_tree_iteratorIiES1_EC2IS1_S1_Lb1EEEOT_OT0_
FNA:3,267,_ZNSt4pairISt17_Rb_tree_iteratorIiEbEC2IS1_bLb1EEEOT_OT0_
FNA:3,32,_ZNSt4pairISt23_Rb_tree_const_iteratorIS_IiiEEbEC2IRSt17_Rb_tree_iteratorIS1_ERbLb1EEEOT_OT0_
FNA:3,267,_ZNSt4pairISt23_Rb_tree_const_iteratorIiEbEC2IRSt17_Rb_tree_iteratorIiERbLb1EEEOT_OT0_
FNA:3,38,_ZNSt4pairIiiEC2IRiS2_Lb1EEEOT_OT0_
FNF:4
FNH:3
DA:752,0
DA:753,0
DA:881,995
DA:882,995
DA:883,995
DA:1045,212
DA:1046,212
DA:1047,212
DA:1132,38
DA:1137,38
LF:10
LH:8
end_of_record
TN:
SF:/usr/include/c++/14/bits/stl_queue.h
FNL:0,166,167
FNA:0,12,_ZNSt5queueI12PipelineDataSt5dequeIS0_SaIS0_EEEC2IS3_vEEv
FNA:0,14,_ZNSt5queueIiSt5dequeIiSaIiEEEC2IS2_vEEv
FNL:1,216,217
FNA:1,80,_ZNKSt5queueI12PipelineDataSt5dequeIS0_SaIS0_EEE5emptyEv
FNA:1,39,_ZNKSt5queueIiSt5dequeIiSaIiEEE5emptyEv
FNL:2,231,235
FNA:2,40,_ZNSt5queueI12PipelineDataSt5dequeIS0_SaIS0_EEE5frontEv
FNA:2,32,_ZNSt5queueIiSt5dequeIiSaIiEEE5frontEv
FNL:3,283,284
FNA:3,40,_ZNSt5queueI12PipelineDataSt5dequeIS0_SaIS0_EEE4pushERKS0_
FNA:3,35,_ZNSt5queueIiSt5dequeIiSaIiEEE4pushERKi
FNL:4,316,320
FNA:4,40,_ZNSt5queueI12PipelineDataSt5dequeIS0_SaIS0_EEE3popEv
FNA:4,32,_ZNSt5queueIiSt5dequeIiSaIiEEE3popEv
FNF:5
FNH:5
DA:166,26
DA:167,26
DA:216,119
DA:217,119
DA:231,72
DA:234,72
DA:283,75
DA:284,75
DA:316,72
DA:319,72
DA:320,72
LF:11
LH:11
end_of_record
TN:
SF:/usr/include/c++/14/bits/stl_set.h
FNL:0,169,169
FNA:0,4,_ZNSt3setISt4pairIiiESt4lessIS1_ESaIS1_EEC2Ev
FNA:0,218,_ZNSt3setIiSt4lessIiESaIiEEC2Ev
FNL:1,283,283
FNA:1,4,_ZNSt3setISt4pairIiiESt4lessIS1_ESaIS1_EED2Ev
FNA:1,218,_ZNSt3setIiSt4lessIiESaIiEED2Ev
FNL:2,346,347
FNA:2,236,_ZNKSt3setIiSt4lessIiESaIiEE5beginEv
FNL:3,355,356
FNA:3,204,_ZNKSt3setIiSt4lessIiESaIiEE3endEv
FNL:4,416,417
FNA:4,144,_ZNKSt3setIiSt4lessIiESaIiEE5emptyEv
FNL:5,421,422
FNA:5,58,_ZNKSt3setISt4pairIiiESt4lessIS1_ESaIS1_EE4sizeEv
FNL:6,511,516
FNA:6,32,_ZNSt3setISt4pairIiiESt4lessIS1_ESaIS1_EE6insertERKS1_
FNA:6,267,_ZNSt3setIiSt4lessIiESaIiEE6insertERKi
FNL:7,686,687
FNA:7,60,_ZNSt3setIiSt4lessIiESaIiEE5eraseERKi
FNL:8,750,751
FNA:8,38,_ZNKSt3setISt4pairIiiESt4lessIS1_ESaIS1_EE5countERKS1_
FNA:8,316,_ZNKSt3setIiSt4lessIiESaIiEE5countERKi
FNF:9
FNH:9
DA:169,222
DA:283,222
DA:346,236
DA:347,236
DA:355,204
DA:356,204
DA:416,144
DA:417,144
DA:421,58
DA:422,58
DA:511,299
DA:514,299
DA:515,299
DA:686,60
DA:687,60
DA:750,354
DA:751,354
LF:17
LH:17
end_of_record
TN:
SF:/usr/include/c++/14/bits/stl_stack.h
FNL:0,162,163
FNA:0,7,_ZNSt5stackIiSt5dequeIiSaIiEEEC2IS2_vEEv
FNL:1,215,216
FNA:1,49,_ZNKSt5stackIiSt5dequeIiSaIiEEE5emptyEv
FNL:2,230,234
FNA:2,42,_ZNSt5stackIiSt5dequeIiSaIiEEE3topEv
FNL:3,258,259
FNA:3,42,_ZNSt5stackIiSt5dequeIiSaIiEEE4pushERKi
FNL:4,291,295
FNA:4,42,_ZNSt5stackIiSt5dequeIiSaIiEEE3popEv
FNF:5
FNH:5
DA:162,7
DA:163,7
DA:215,49
DA:216,49
DA:230,42
DA:233,42
DA:258,42
DA:259,42
DA:291,42
DA:294,42
DA:295,42
LF:11
LH:11
end_of_record
TN:
SF:/usr/include/c++/14/bits/stl_tree.h
FNL:0,1001,1002
FNA:0,39,_ZNSt8_Rb_treeIiiSt9_IdentityIiESt4lessIiESaIiEE3endEv
FNL:1,1005,1006
FNA:1,108,_ZNKSt8_Rb_treeISt4pairIiiES1_St9_IdentityIS1_ESt4lessIS1_ESaIS1_EE3endEv
FNA:1,1096,_ZNKSt8_Rb_treeIiiSt9_IdentityIiESt4lessIiESaIiEE3endEv
FNL:2,1025,1026
FNA:2,144,_ZNKSt8_Rb_treeIiiSt9_IdentityIiESt4lessIiESaIiEE5emptyEv
FNL:3,1029,1030
FNA:3,58,_ZNKSt8_Rb_treeISt4pairIiiES1_St9_IdentityIS1_ESt4lessIS1_ESaIS1_EE4sizeEv
FNA:3,120,_ZNKSt8_Rb_treeIiiSt9_IdentityIiESt4lessIiESaIiEE4sizeEv
FNL:4,1249,1253
FNA:4,25,_ZNSt8_Rb_treeIiiSt9_IdentityIiESt4lessIiESaIiEE5clearEv
FNL:5,142,146
FNA:5,4,_ZNSt20_Rb_tree_key_compareISt4lessISt4pairIiiEEEC2Ev
FNA:5,218,_ZNSt20_Rb_tree_key_compareISt4lessIiEEC2Ev
FNL:6,169,173
FNA:6,222,_ZNSt15_Rb_tree_headerC2Ev
FNL:7,1814,1833
FNA:7,32,_ZNSt8_Rb_treeISt4pairIiiES1_St9_IdentityIS1_ESt4lessIS1_ESaIS1_EE10_M_insert_IRKS1_NS7_11_Alloc_nodeEEESt17_Rb_tree_iteratorIS1_EPSt18_Rb_tree_node_baseSF_OT_RT0_
FNA:7,267,_ZNSt8_Rb_treeIiiSt9_IdentityIiESt4lessIiESaIiEE10_M_insert_IRKiNS5_11_Alloc_nodeEEESt17_Rb_tree_iteratorIiEPSt18_Rb_tree_node_baseSD_OT_RT0_
FNL:8,1926,1937
FNA:8,36,_ZNSt8_Rb_treeISt4pairIiiES1_St9_IdentityIS1_ESt4lessIS1_ESaIS1_EE8_M_eraseEPSt13_Rb_tree_nodeIS1_E
FNA:8,475,_ZNSt8_Rb_treeIiiSt9_IdentityIiESt4lessIiESaIiEE8_M_eraseEPSt13_Rb_tree_nodeIiE
FNL:9,1943,1953
FNA:9,60,_ZNSt8_Rb_treeIiiSt9_IdentityIiESt4lessIiESaIiEE14_M_lower_boundEPSt13_Rb_tree_nodeIiEPSt18_Rb_tree_node_baseRKi
FNL:10,1959,1969
FNA:10,38,_ZNKSt8_Rb_treeISt4pairIiiES1_St9_IdentityIS1_ESt4lessIS1_ESaIS1_EE14_M_lower_boundEPKSt13_Rb_tree_nodeIS1_EPKSt18_Rb_tree_node_baseRKS1_
FNA:10,316,_ZNKSt8_Rb_treeIiiSt9_IdentityIiESt4lessIiESaIiEE14_M_lower_boundEPKSt13_Rb_tree_nodeIiEPKSt18_Rb_tree_node_baseRKi
FNL:11,1975,1985
FNA:11,60,_ZNSt8_Rb_treeIiiSt9_IdentityIiESt4lessIiESaIiEE14_M_upper_boundEPSt13_Rb_tree_nodeIiEPSt18_Rb_tree_node_baseRKi
FNL:12,2009,2033
FNA:12,60,_ZNSt8_Rb_treeIiiSt9_IdentityIiESt4lessIiESaIiEE11equal_rangeERKi
FNL:13,202,208
FNA:13,247,_ZNSt15_Rb_tree_header8_M_resetEv
FNL:14,2106,2130
FNA:14,32,_ZNSt8_Rb_treeISt4pairIiiES1_St9_IdentityIS1_ESt4lessIS1_ESaIS1_EE24_M_get_insert_unique_posERKS1_
FNA:14,267,_ZNSt8_Rb_treeIiiSt9_IdentityIiESt4lessIiESaIiEE24_M_get_insert_unique_posERKi
FNL:15,2160,2180
FNA:15,32,_ZNSt8_Rb_treeISt4pairIiiES1_St9_IdentityIS1_ESt4lessIS1_ESaIS1_EE16_M_insert_uniqueIRKS1_EES0_ISt17_Rb_tree_iteratorIS1_EbEOT_
FNA:15,267,_ZNSt8_Rb_treeIiiSt9_IdentityIiESt4lessIiESaIiEE16_M_insert_uniqueIRKiEESt4pairISt17_Rb_tree_iteratorIiEbEOT_
FNL:16,230,231
FNA:16,64,_ZNSt13_Rb_tree_nodeISt4pairIiiEE9_M_valptrEv
FNA:16,534,_ZNSt13_Rb_tree_nodeIiE9_M_valptrEv
FNL:17,234,235
FNA:17,212,_ZNKSt13_Rb_tree_nodeISt4pairIiiEE9_M_valptrEv
FNA:17,1623,_ZNKSt13_Rb_tree_nodeIiE9_M_valptrEv
FNL:18,2487,2496
FNA:18,35,_ZNSt8_Rb_treeIiiSt9_IdentityIiESt4lessIiESaIiEE12_M_erase_auxESt23_Rb_tree_const_iteratorIiE
FNL:19,2501,2509
FNA:19,60,_ZNSt8_Rb_treeIiiSt9_IdentityIiESt4lessIiESaIiEE12_M_erase_auxESt23_Rb_tree_const_iteratorIiES7_
FNL:20,2514,2521
FNA:20,60,_ZNSt8_Rb_treeIiiSt9_IdentityIiESt4lessIiESaIiEE5eraseERKi
FNL:21,2540,2547
FNA:21,38,_ZNKSt8_Rb_treeISt4pairIiiES1_St9_IdentityIS1_ESt4lessIS1_ESaIS1_EE4findERKS1_
FNA:21,316,_ZNKSt8_Rb_treeIiiSt9_IdentityIiESt4lessIiESaIiEE4findERKi
FNL:22,269,270
FNA:22,78,_ZNSt17_Rb_tree_iteratorISt4pairIiiEEC2EPSt18_Rb_tree_node_base
FNA:22,900,_ZNSt17_Rb_tree_iteratorIiEC2EPSt18_Rb_tree_node_base
FNL:23,296,300
FNA:23,5,_ZNSt17_Rb_tree_iteratorISt4pairIiiEEmmEv
FNA:23,3,_ZNSt17_Rb_tree_iteratorIiEmmEv
FNL:24,311,312
FNA:24,14,_ZSteqRKSt17_Rb_tree_iteratorISt4pairIiiEES4_
FNA:24,147,_ZSteqRKSt17_Rb_tree_iteratorIiES2_
FNL:25,343,344
FNA:25,146,_ZNSt23_Rb_tree_const_iteratorISt4pairIiiEEC2EPKSt18_Rb_tree_node_base
FNA:25,1648,_ZNSt23_Rb_tree_const_iteratorIiEC2EPKSt18_Rb_tree_node_base
FNL:26,346,347
FNA:26,32,_ZNSt23_Rb_tree_const_iteratorISt4pairIiiEEC2ERKSt17_Rb_tree_iteratorIS1_E
FNA:26,486,_ZNSt23_Rb_tree_const_iteratorIiEC2ERKSt17_Rb_tree_iteratorIiE
FNL:27,354,355
FNA:27,408,_ZNKSt23_Rb_tree_const_iteratorIiEdeEv
FNL:28,362,366
FNA:28,376,_ZNSt23_Rb_tree_const_iteratorIiEppEv
FNL:29,369,374
FNA:29,35,_ZNSt23_Rb_tree_const_iteratorIiEppEi
FNL:30,392,393
FNA:30,76,_ZSteqRKSt23_Rb_tree_const_iteratorISt4pairIiiEES4_
FNA:30,731,_ZSteqRKSt23_Rb_tree_const_iteratorIiES2_
FNL:31,397,398
FNA:31,650,_ZStneRKSt23_Rb_tree_const_iteratorIiES2_
FNL:32,521,522
FNA:32,32,_ZNSt8_Rb_treeISt4pairIiiES1_St9_IdentityIS1_ESt4lessIS1_ESaIS1_EE11_Alloc_nodeC2ERS7_
FNA:32,267,_ZNSt8_Rb_treeIiiSt9_IdentityIiESt4lessIiESaIiEE11_Alloc_nodeC2ERS5_
FNL:33,526,527
FNA:33,32,_ZNKSt8_Rb_treeISt4pairIiiES1_St9_IdentityIS1_ESt4lessIS1_ESaIS1_EE11_Alloc_nodeclIRKS1_EEPSt13_Rb_tree_nodeIS1_EOT_
FNA:33,267,_ZNKSt8_Rb_treeIiiSt9_IdentityIiESt4lessIiESaIiEE11_Alloc_nodeclIRKiEEPSt13_Rb_tree_nodeIiEOT_
FNL:34,545,546
FNA:34,128,_ZNSt8_Rb_treeISt4pairIiiES1_St9_IdentityIS1_ESt4lessIS1_ESaIS1_EE21_M_get_Node_allocatorEv
FNA:34,1068,_ZNSt8_Rb_treeIiiSt9_IdentityIiESt4lessIiESaIiEE21_M_get_Node_allocatorEv
FNL:35,558,559
FNA:35,32,_ZNSt8_Rb_treeISt4pairIiiES1_St9_IdentityIS1_ESt4lessIS1_ESaIS1_EE11_M_get_nodeEv
FNA:35,267,_ZNSt8_Rb_treeIiiSt9_IdentityIiESt4lessIiESaIiEE11_M_get_nodeEv
FNL:36,562,563
FNA:36,32,_ZNSt8_Rb_treeISt4pairIiiES1_St9_IdentityIS1_ESt4lessIS1_ESaIS1_EE11_M_put_nodeEPSt13_Rb_tree_nodeIS1_E
FNA:36,267,_ZNSt8_Rb_treeIiiSt9_IdentityIiESt4lessIiESaIiEE11_M_put_nodeEPSt13_Rb_tree_nodeIiE
FNL:37,588,603
FNA:37,32,_ZNSt8_Rb_treeISt4pairIiiES1_St9_IdentityIS1_ESt4lessIS1_ESaIS1_EE17_M_construct_nodeIJRKS1_EEEvPSt13_Rb_tree_nodeIS1_EDpOT_
FNA:37,267,_ZNSt8_Rb_treeIiiSt9_IdentityIiESt4lessIiESaIiEE17_M_construct_nodeIJRKiEEEvPSt13_Rb_tree_nodeIiEDpOT_
FNL:38,607,612
FNA:38,32,_ZNSt8_Rb_treeISt4pairIiiES1_St9_IdentityIS1_ESt4lessIS1_ESaIS1_EE14_M_create_nodeIJRKS1_EEEPSt13_Rb_tree_nodeIS1_EDpOT_
FNA:38,267,_ZNSt8_Rb_treeIiiSt9_IdentityIiESt4lessIiESaIiEE14_M_create_nodeIJRKiEEEPSt13_Rb_tree_nodeIiEDpOT_
FNL:39,616,624
FNA:39,32,_ZNSt8_Rb_treeISt4pairIiiES1_St9_IdentityIS1_ESt4lessIS1_ESaIS1_EE15_M_destroy_nodeEPSt13_Rb_tree_nodeIS1_E
FNA:39,267,_ZNSt8_Rb_treeIiiSt9_IdentityIiESt4lessIiESaIiEE15_M_destroy_nodeEPSt13_Rb_tree_nodeIiE
FNL:40,627,631
FNA:40,32,_ZNSt8_Rb_treeISt4pairIiiES1_St9_IdentityIS1_ESt4lessIS1_ESaIS1_EE12_M_drop_nodeEPSt13_Rb_tree_nodeIS1_E
FNA:40,267,_ZNSt8_Rb_treeIiiSt9_IdentityIiESt4lessIiESaIiEE12_M_drop_nodeEPSt13_Rb_tree_nodeIiE
FNL:41,665,670
FNA:41,4,_ZNSt8_Rb_treeISt4pairIiiES1_St9_IdentityIS1_ESt4lessIS1_ESaIS1_EE13_Rb_tree_implIS5_Lb1EEC2Ev
FNA:41,218,_ZNSt8_Rb_treeIiiSt9_IdentityIiESt4lessIiESaIiEE13_Rb_tree_implIS3_Lb1EEC2Ev
FNL:42,732,733
FNA:42,36,_ZNKSt8_Rb_treeISt4pairIiiES1_St9_IdentityIS1_ESt4lessIS1_ESaIS1_EE9_M_mbeginEv
FNA:42,570,_ZNKSt8_Rb_treeIiiSt9_IdentityIiESt4lessIiESaIiEE9_M_mbeginEv
FNL:43,736,737
FNA:43,36,_ZNSt8_Rb_treeISt4pairIiiES1_St9_IdentityIS1_ESt4lessIS1_ESaIS1_EE8_M_beginEv
FNA:43,570,_ZNSt8_Rb_treeIiiSt9_IdentityIiESt4lessIiESaIiEE8_M_beginEv
FNL:44,740,744
FNA:44,38,_ZNKSt8_Rb_treeISt4pairIiiES1_St9_IdentityIS1_ESt4lessIS1_ESaIS1_EE8_M_beginEv
FNA:44,316,_ZNKSt8_Rb_treeIiiSt9_IdentityIiESt4lessIiESaIiEE8_M_beginEv
FNL:45,747,748
FNA:45,64,_ZNSt8_Rb_treeISt4pairIiiES1_St9_IdentityIS1_ESt4lessIS1_ESaIS1_EE6_M_endEv
FNA:45,594,_ZNSt8_Rb_treeIiiSt9_IdentityIiESt4lessIiESaIiEE6_M_endEv
FNL:46,751,752
FNA:46,38,_ZNKSt8_Rb_treeISt4pairIiiES1_St9_IdentityIS1_ESt4lessIS1_ESaIS1_EE6_M_endEv
FNA:46,316,_ZNKSt8_Rb_treeIiiSt9_IdentityIiESt4lessIiESaIiEE6_M_endEv
FNL:47,755,774
FNA:47,212,_ZNSt8_Rb_treeISt4pairIiiES1_St9_IdentityIS1_ESt4lessIS1_ESaIS1_EE6_S_keyEPKSt13_Rb_tree_nodeIS1_E
FNA:47,1215,_ZNSt8_Rb_treeIiiSt9_IdentityIiESt4lessIiESaIiEE6_S_keyEPKSt13_Rb_tree_nodeIiE
FNL:48,777,778
FNA:48,51,_ZNSt8_Rb_treeISt4pairIiiES1_St9_IdentityIS1_ESt4lessIS1_ESaIS1_EE7_S_leftEPSt18_Rb_tree_node_base
FNA:48,328,_ZNSt8_Rb_treeIiiSt9_IdentityIiESt4lessIiESaIiEE7_S_leftEPSt18_Rb_tree_node_base
FNL:49,781,782
FNA:49,30,_ZNSt8_Rb_treeISt4pairIiiES1_St9_IdentityIS1_ESt4lessIS1_ESaIS1_EE7_S_leftEPKSt18_Rb_tree_node_base
FNA:49,200,_ZNSt8_Rb_treeIiiSt9_IdentityIiESt4lessIiESaIiEE7_S_leftEPKSt18_Rb_tree_node_base
FNL:50,785,786
FNA:50,75,_ZNSt8_Rb_treeISt4pairIiiES1_St9_IdentityIS1_ESt4lessIS1_ESaIS1_EE8_S_rightEPSt18_Rb_tree_node_base
FNA:50,537,_ZNSt8_Rb_treeIiiSt9_IdentityIiESt4lessIiESaIiEE8_S_rightEPSt18_Rb_tree_node_base
FNL:51,789,790
FNA:51,46,_ZNSt8_Rb_treeISt4pairIiiES1_St9_IdentityIS1_ESt4lessIS1_ESaIS1_EE8_S_rightEPKSt18_Rb_tree_node_base
FNA:51,158,_ZNSt8_Rb_treeIiiSt9_IdentityIiESt4lessIiESaIiEE8_S_rightEPKSt18_Rb_tree_node_base
FNL:52,793,794
FNA:52,74,_ZNSt8_Rb_treeISt4pairIiiES1_St9_IdentityIS1_ESt4lessIS1_ESaIS1_EE6_S_keyEPKSt18_Rb_tree_node_base
FNA:52,440,_ZNSt8_Rb_treeIiiSt9_IdentityIiESt4lessIiESaIiEE6_S_keyEPKSt18_Rb_tree_node_base
FNL:53,926,926
FNA:53,4,_ZNSt8_Rb_treeISt4pairIiiES1_St9_IdentityIS1_ESt4lessIS1_ESaIS1_EEC2Ev
FNA:53,218,_ZNSt8_Rb_treeIiiSt9_IdentityIiESt4lessIiESaIiEEC2Ev
FNL:54,981,982
FNA:54,4,_ZNSt8_Rb_treeISt4pairIiiES1_St9_IdentityIS1_ESt4lessIS1_ESaIS1_EED2Ev
FNA:54,218,_ZNSt8_Rb_treeIiiSt9_IdentityIiESt4lessIiESaIiEED2Ev
FNL:55,993,994
FNA:55,14,_ZNSt8_Rb_treeISt4pairIiiES1_St9_IdentityIS1_ESt4lessIS1_ESaIS1_EE5beginEv
FNA:55,207,_ZNSt8_Rb_treeIiiSt9_IdentityIiESt4lessIiESaIiEE5beginEv
FNL:56,997,998
FNA:56,236,_ZNKSt8_Rb_treeIiiSt9_IdentityIiESt4lessIiESaIiEE5beginEv
FNF:57
FNH:57
[...]
FNL:4,581,695
FNA:4,112,_ZNSt6vectorIN9GraphAlgo4EdgeESaIS1_EE17_M_realloc_appendIJRiS5_S5_EEEvDpOT_
FNA:4,12,_ZNSt6vectorIS_IiSaIiEESaIS1_EE17_M_realloc_appendIJRKS1_EEEvDpOT_
FNA:4,24,_ZNSt6vectorISt5tupleIJiiiEESaIS1_EE17_M_realloc_appendIJS1_EEEvDpOT_
FNA:4,47,_ZNSt6vectorIiSaIiEE17_M_realloc_appendIJRKiEEEvDpOT_
FNL:5,607,609
FNA:5,112,_ZZNSt6vectorIN9GraphAlgo4EdgeESaIS1_EE17_M_realloc_appendIJRiS5_S5_EEEvDpOT_EN6_GuardC2EPS1_mRS2_
FNA:5,12,_ZZNSt6vectorIS_IiSaIiEESaIS1_EE17_M_realloc_appendIJRKS1_EEEvDpOT_EN6_GuardC2EPS1_mRS2_
FNA:5,24,_ZZNSt6vectorISt5tupleIJiiiEESaIS1_EE17_M_realloc_appendIJS1_EEEvDpOT_EN6_GuardC2EPS1_mRS2_
FNA:5,47,_ZZNSt6vectorIiSaIiEE17_M_realloc_appendIJRKiEEEvDpOT_EN6_GuardC2EPimRS0_
FNL:6,612,617
FNA:6,112,_ZZNSt6vectorIN9GraphAlgo4EdgeESaIS1_EE17_M_realloc_appendIJRiS5_S5_EEEvDpOT_EN6_GuardD2Ev
FNA:6,12,_ZZNSt6vectorIS_IiSaIiEESaIS1_EE17_M_realloc_appendIJRKS1_EEEvDpOT_EN6_GuardD2Ev
FNA:6,24,_ZZNSt6vectorISt5tupleIJiiiEESaIS1_EE17_M_realloc_appendIJS1_EEEvDpOT_EN6_GuardD2Ev
FNA:6,47,_ZZNSt6vectorIiSaIiEE17_M_realloc_appendIJRKiEEEvDpOT_EN6_GuardD2Ev
FNF:7
FNH:5
DA:111,143
DA:114,143
DA:117,7
DA:119,7
DA:123,136
DA:125,143
DA:181,0
DA:184,0
DA:185,0
DA:186,0
DA:187,0
DA:189,0
DA:210,14
DA:213,14
DA:217,14
DA:219,0
DA:220,0
DA:223,0
DA:224,0
DA:225,0
DA:226,0
DA:227,0
DA:228,0
DA:229,0
DA:231,0
DA:232,0
DA:235,14
DA:236,14
DA:238,14
DA:240,14
DA:241,14
DA:242,14
DA:243,14
DA:244,14
DA:245,14
DA:246,14
DA:248,0
DA:250,0
DA:251,0
DA:255,0
DA:257,0
DA:258,0
DA:260,0
DA:262,14
DA:264,14
DA:581,195
DA:590,195
DA:591,195
DA:592,0
DA:593,195
DA:594,195
DA:595,195
DA:596,195
DA:597,195
DA:607,195
DA:608,195
DA:609,195
DA:612,195
DA:614,195
DA:616,82
DA:617,195
DA:624,195
DA:634,390
DA:635,195
DA:647,195
DA:648,195
DA:649,195
DA:686,195
DA:687,195
DA:688,195
DA:692,195
DA:693,195
DA:694,195
DA:695,195
DA:1069,0
DA:1072,0
DA:1073,0
DA:1074,0
DA:1076,0
DA:1077,0
DA:1078,0
DA:1079,0
DA:1084,0
DA:1085,0
DA:1086,0
DA:1087,0
DA:1088,0
DA:1089,0
DA:1091,0
DA:1092,0
DA:1093,0
DA:1094,0
LF:92
LH:49
end_of_record
TN:
SF:/usr/include/c++/14/condition_variable
FNL:0,102,106
FNA:0,40,_ZNSt18condition_variable4waitIZN13BlockingQueueI12PipelineDataE3popEvEUlvE_EEvRSt11unique_lockISt5mutexET_
FNF:1
FNH:1
DA:102,40
DA:104,80
DA:105,40
DA:106,40
LF:4
LH:4
end_of_record
TN:
SF:/usr/include/c++/14/ext/aligned_buffer.h
FNL:0,64,65
FNA:0,64,_ZN9__gnu_cxx16__aligned_membufISt4pairIiiEE7_M_addrEv
FNA:0,534,_ZN9__gnu_cxx16__aligned_membufIiE7_M_addrEv
FNL:1,68,69
FNA:1,212,_ZNK9__gnu_cxx16__aligned_membufISt4pairIiiEE7_M_addrEv
FNA:1,1623,_ZNK9__gnu_cxx16__aligned_membufIiE7_M_addrEv
FNL:2,72,73
FNA:2,64,_ZN9__gnu_cxx16__aligned_membufISt4pairIiiEE6_M_ptrEv
FNA:2,534,_ZN9__gnu_cxx16__aligned_membufIiE6_M_ptrEv
FNL:3,76,77
FNA:3,212,_ZNK9__gnu_cxx16__aligned_membufISt4pairIiiEE6_M_ptrEv
FNA:3,1623,_ZNK9__gnu_cxx16__aligned_membufIiE6_M_ptrEv
FNF:4
FNH:4
DA:64,598
DA:65,598
DA:68,1835
DA:69,1835
DA:72,598
DA:73,598
DA:76,1835
DA:77,1835
LF:8
LH:8
end_of_record
TN:
SF:/usr/include/c++/14/ext/alloc_traits.h
FNF:0
FNH:0
DA:98,621
DA:106,14
DA:118,0
LF:3
LH:2
end_of_record
TN:
SF:/usr/include/c++/14/ext/string_conversions.h
FNL:0,56,96
FNA:0,15,_ZN9__gnu_cxx6__stoaIlicJiEEET0_PFT_PKT1_PPS3_DpT2_EPKcS5_PmS9_
FNL:1,65,65
FNA:1,15,_ZZN9__gnu_cxx6__stoaIlicJiEEET0_PFT_PKT1_PPS3_DpT2_EPKcS5_PmS9_EN11_Save_errnoC2Ev
FNL:2,66,66
FNA:2,15,_ZZN9__gnu_cxx6__stoaIlicJiEEET0_PFT_PKT1_PPS3_DpT2_EPKcS5_PmS9_EN11_Save_errnoD2Ev
FNL:3,75,79
FNA:3,15,_ZZN9__gnu_cxx6__stoaIlicJiEEET0_PFT_PKT1_PPS3_DpT2_EPKcS5_PmS9_EN10_Range_chk6_S_chkElSt17integral_constantIbLb1EE
FNF:4
FNH:4
DA:56,15
DA:65,15
DA:66,15
DA:68,15
DA:75,15
DA:78,15
DA:82,15
DA:84,15
DA:85,0
DA:86,30
DA:87,15
DA:88,0
DA:90,15
DA:92,15
DA:93,0
DA:95,15
DA:96,15
LF:17
LH:14
end_of_record
TN:
SF:/usr/include/c++/14/new
FNL:0,179,180
FNA:0,2318,_ZnwmPv
FNL:1,185,185
FNA:1,0,_ZdlPvS_
FNF:2
FNH:1
DA:179,2318
DA:180,2318
DA:185,0
LF:3
LH:2
end_of_record
TN:
SF:/usr/include/c++/14/tuple
FNL:0,100,101
FNA:0,0,_ZNSt10_Head_baseILm1ESt14default_deleteI17AlgorithmStrategyELb1EEC2IS0_I12MSTAlgorithmEEEOT_
FNA:0,0,_ZNSt10_Head_baseILm1ESt14default_deleteI17AlgorithmStrategyELb1EEC2IS0_I12SCCAlgorithmEEEOT_
FNA:0,0,_ZNSt10_Head_baseILm1ESt14default_deleteI17AlgorithmStrategyELb1EEC2IS0_I15CliqueAlgorithmEEEOT_
FNA:0,0,_ZNSt10_Head_baseILm1ESt14default_deleteI17AlgorithmStrategyELb1EEC2IS0_I16MaxFlowAlgorithmEEEOT_
FNA:0,0,_ZNSt10_Head_baseILm1ESt14default_deleteI17AlgorithmStrategyELb1EEC2IS0_I17EulerianAlgorithmEEEOT_
FNL:1,134,134
FNA:1,0,_ZNSt10_Head_baseILm1ESt14default_deleteI12MSTAlgorithmELb1EE7_M_headERS3_
FNA:1,0,_ZNSt10_Head_baseILm1ESt14default_deleteI12SCCAlgorithmELb1EE7_M_headERS3_
FNA:1,0,_ZNSt10_Head_baseILm1ESt14default_deleteI15CliqueAlgorithmELb1EE7_M_headERS3_
FNA:1,0,_ZNSt10_Head_baseILm1ESt14default_deleteI16MaxFlowAlgorithmELb1EE7_M_headERS3_
FNA:1,0,_ZNSt10_Head_baseILm1ESt14default_deleteI17EulerianAlgorithmELb1EE7_M_headERS3_
FNA:1,0,_ZNSt10_Head_baseILm1ESt14default_deleteINSt6thread6_StateEELb1EE7_M_headERS4_
FNL:2,1474,1476
FNA:2,12,_ZNSt5tupleIJPFvvEEEC2ILb1ELb1EEERKS1_
FNL:3,1489,1492
FNA:3,31,_ZNSt5tupleIJiiiEEC2IJRKiRiS3_ELb1ELb1EEEDpOT_
FNL:4,1505,1505
FNA:4,88,_ZNSt5tupleIJiiiEEC2EOS0_
FNL:5,1918,1925
FNA:5,24,_ZNSt5tupleIJiiiEEaSEOS0_
FNL:6,1951,1953
FNA:6,0,_ZNSt5tupleIJiiiEE4swapERS0_
FNL:7,199,200
FNA:7,0,_ZNSt10_Head_baseILm0EP12MSTAlgorithmLb0EEC2Ev
FNA:7,0,_ZNSt10_Head_baseILm0EP12SCCAlgorithmLb0EEC2Ev
FNA:7,0,_ZNSt10_Head_baseILm0EP15CliqueAlgorithmLb0EEC2Ev
FNA:7,0,_ZNSt10_Head_baseILm0EP16MaxFlowAlgorithmLb0EEC2Ev
FNA:7,0,_ZNSt10_Head_baseILm0EP17AlgorithmStrategyLb0EEC2Ev
FNA:7,0,_ZNSt10_Head_baseILm0EP17EulerianAlgorithmLb0EEC2Ev
FNA:7,27,_ZNSt10_Head_baseILm0EPNSt6thread6_StateELb0EEC2Ev
FNL:8,202,203
FNA:8,15,_ZNSt10_Head_baseILm0EPFviELb0EEC2ERKS1_
FNA:8,12,_ZNSt10_Head_baseILm0EPFvvELb0EEC2ERKS1_
FNA:8,31,_ZNSt10_Head_baseILm0EiLb0EEC2ERKi
FNA:8,31,_ZNSt10_Head_baseILm2EiLb0EEC2ERKi
FNL:9,209,210
FNA:9,0,_ZNSt10_Head_baseILm0EP17AlgorithmStrategyLb0EEC2IRS1_EEOT_
FNA:9,46,_ZNSt10_Head_baseILm1EiLb0EEC2IRiEEOT_
FNL:10,2091,2093
FNA:10,0,_ZNSt5tupleIJP12MSTAlgorithmSt14default_deleteIS0_EEEC2ILb1ELb1EEEv
FNA:10,0,_ZNSt5tupleIJP12SCCAlgorithmSt14default_deleteIS0_EEEC2ILb1ELb1EEEv
FNA:10,0,_ZNSt5tupleIJP15CliqueAlgorithmSt14default_deleteIS0_EEEC2ILb1ELb1EEEv
FNA:10,0,_ZNSt5tupleIJP16MaxFlowAlgorithmSt14default_deleteIS0_EEEC2ILb1ELb1EEEv
FNA:10,0,_ZNSt5tupleIJP17AlgorithmStrategySt14default_deleteIS0_EEEC2ILb1ELb1EEEv
FNA:10,0,_ZNSt5tupleIJP17EulerianAlgorithmSt14default_deleteIS0_EEEC2ILb1ELb1EEEv
FNA:10,27,_ZNSt5tupleIJPNSt6thread6_StateESt14default_deleteIS1_EEEC2ILb1ELb1EEEv
FNL:11,2119,2122
FNA:11,0,_ZNSt5tupleIJP17AlgorithmStrategySt14default_deleteIS0_EEEC2IRS1_S2_I12MSTAlgorithmELb1EEEOT_OT0_
FNA:11,0,_ZNSt5tupleIJP17AlgorithmStrategySt14default_deleteIS0_EEEC2IRS1_S2_I12SCCAlgorithmELb1EEEOT_OT0_
FNA:11,0,_ZNSt5tupleIJP17AlgorithmStrategySt14default_deleteIS0_EEEC2IRS1_S2_I15CliqueAlgorithmELb1EEEOT_OT0_
FNA:11,0,_ZNSt5tupleIJP17AlgorithmStrategySt14default_deleteIS0_EEEC2IRS1_S2_I16MaxFlowAlgorithmELb1EEEOT_OT0_
FNA:11,0,_ZNSt5tupleIJP17AlgorithmStrategySt14default_deleteIS0_EEEC2IRS1_S2_I17EulerianAlgorithmELb1EEEOT_OT0_
FNA:11,15,_ZNSt5tupleIJPFviEiEEC2IRS0_RiLb1EEEOT_OT0_
FNL:12,2429,2430
FNA:12,0,_ZSt12__get_helperILm0EP12MSTAlgorithmJSt14default_deleteIS0_EEERT0_RSt11_Tuple_implIXT_EJS4_DpT1_EE
FNA:12,0,_ZSt12__get_helperILm0EP12SCCAlgorithmJSt14default_deleteIS0_EEERT0_RSt11_Tuple_implIXT_EJS4_DpT1_EE
FNA:12,0,_ZSt12__get_helperILm0EP15CliqueAlgorithmJSt14default_deleteIS0_EEERT0_RSt11_Tuple_implIXT_EJS4_DpT1_EE
FNA:12,0,_ZSt12__get_helperILm0EP16MaxFlowAlgorithmJSt14default_deleteIS0_EEERT0_RSt11_Tuple_implIXT_EJS4_DpT1_EE
FNA:12,0,_ZSt12__get_helperILm0EP17EulerianAlgorithmJSt14default_deleteIS0_EEERT0_RSt11_Tuple_implIXT_EJS4_DpT1_EE
FNA:12,15,_ZSt12__get_helperILm0EPFviEJiEERT0_RSt11_Tuple_implIXT_EJS2_DpT1_EE
FNA:12,12,_ZSt12__get_helperILm0EPFvvEJEERT0_RSt11_Tuple_implIXT_EJS2_DpT1_EE
FNA:12,54,_ZSt12__get_helperILm0EPNSt6thread6_StateEJSt14default_deleteIS1_EEERT0_RSt11_Tuple_implIXT_EJS5_DpT1_EE
FNA:12,31,_ZSt12__get_helperILm0EiJiiEERT0_RSt11_Tuple_implIXT_EJS0_DpT1_EE
FNA:12,0,_ZSt12__get_helperILm1ESt14default_deleteI12MSTAlgorithmEJEERT0_RSt11_Tuple_implIXT_EJS3_DpT1_EE
FNA:12,0,_ZSt12__get_helperILm1ESt14default_deleteI12SCCAlgorithmEJEERT0_RSt11_Tuple_implIXT_EJS3_DpT1_EE
FNA:12,0,_ZSt12__get_helperILm1ESt14default_deleteI15CliqueAlgorithmEJEERT0_RSt11_Tuple_implIXT_EJS3_DpT1_EE
FNA:12,0,_ZSt12__get_helperILm1ESt14default_deleteI16MaxFlowAlgorithmEJEERT0_RSt11_Tuple_implIXT_EJS3_DpT1_EE
FNA:12,0,_ZSt12__get_helperILm1ESt14default_deleteI17EulerianAlgorithmEJEERT0_RSt11_Tuple_implIXT_EJS3_DpT1_EE
FNA:12,0,_ZSt12__get_helperILm1ESt14default_deleteINSt6thread6_StateEEJEERT0_RSt11_Tuple_implIXT_EJS4_DpT1_EE
FNA:12,15,_ZSt12__get_helperILm1EiJEERT0_RSt11_Tuple_implIXT_EJS0_DpT1_EE
FNA:12,31,_ZSt12__get_helperILm1EiJiEERT0_RSt11_Tuple_implIXT_EJS0_DpT1_EE
FNA:12,31,_ZSt12__get_helperILm2EiJEERT0_RSt11_Tuple_implIXT_EJS0_DpT1_EE
FNL:13,243,243
FNA:13,0,_ZNSt10_Head_baseILm0EP12MSTAlgorithmLb0EE7_M_headERS2_
FNA:13,0,_ZNSt10_Head_baseILm0EP12SCCAlgorithmLb0EE7_M_headERS2_
FNA:13,0,_ZNSt10_Head_baseILm0EP15CliqueAlgorithmLb0EE7_M_headERS2_
FNA:13,0,_ZNSt10_Head_baseILm0EP16MaxFlowAlgorithmLb0EE7_M_headERS2_
FNA:13,0,_ZNSt10_Head_baseILm0EP17EulerianAlgorithmLb0EE7_M_headERS2_
FNA:13,15,_ZNSt10_Head_baseILm0EPFviELb0EE7_M_headERS2_
FNA:13,12,_ZNSt10_Head_baseILm0EPFvvELb0EE7_M_headERS2_
FNA:13,54,_ZNSt10_Head_baseILm0EPNSt6thread6_StateELb0EE7_M_headERS3_
FNA:13,79,_ZNSt10_Head_baseILm0EiLb0EE7_M_headERS0_
FNA:13,94,_ZNSt10_Head_baseILm1EiLb0EE7_M_headERS0_
FNA:13,79,_ZNSt10_Head_baseILm2EiLb0EE7_M_headERS0_
FNL:14,2434,2435
FNA:14,192,_ZSt12__get_helperILm0EiJiiEERKT0_RKSt11_Tuple_implIXT_EJS0_DpT1_EE
FNA:14,192,_ZSt12__get_helperILm1EiJiEERKT0_RKSt11_Tuple_implIXT_EJS0_DpT1_EE
FNA:14,12,_ZSt12__get_helperILm2EiJEERKT0_RKSt11_Tuple_implIXT_EJS0_DpT1_EE
FNL:15,2445,2446
FNA:15,0,_ZSt3getILm0EJP12MSTAlgorithmSt14default_deleteIS0_EEERNSt13tuple_elementIXT_ESt5tupleIJDpT0_EEE4typeERS8_
FNA:15,0,_ZSt3getILm0EJP12SCCAlgorithmSt14default_deleteIS0_EEERNSt13tuple_elementIXT_ESt5tupleIJDpT0_EEE4typeERS8_
FNA:15,0,_ZSt3getILm0EJP15CliqueAlgorithmSt14default_deleteIS0_EEERNSt13tuple_elementIXT_ESt5tupleIJDpT0_EEE4typeERS8_
FNA:15,0,_ZSt3getILm0EJP16MaxFlowAlgorithmSt14default_deleteIS0_EEERNSt13tuple_elementIXT_ESt5tupleIJDpT0_EEE4typeERS8_
FNA:15,0,_ZSt3getILm0EJP17EulerianAlgorithmSt14default_deleteIS0_EEERNSt13tuple_elementIXT_ESt5tupleIJDpT0_EEE4typeERS8_
FNA:15,54,_ZSt3getILm0EJPNSt6thread6_StateESt14default_deleteIS1_EEERNSt13tuple_elementIXT_ESt5tupleIJDpT0_EEE4typeERS9_
FNA:15,0,_ZSt3getILm1EJP12MSTAlgorithmSt14default_deleteIS0_EEERNSt13tuple_elementIXT_ESt5tupleIJDpT0_EEE4typeERS8_
FNA:15,0,_ZSt3getILm1EJP12SCCAlgorithmSt14default_deleteIS0_EEERNSt13tuple_elementIXT_ESt5tupleIJDpT0_EEE4typeERS8_
FNA:15,0,_ZSt3getILm1EJP15CliqueAlgorithmSt14default_deleteIS0_EEERNSt13tuple_elementIXT_ESt5tupleIJDpT0_EEE4typeERS8_
FNA:15,0,_ZSt3getILm1EJP16MaxFlowAlgorithmSt14default_deleteIS0_EEERNSt13tuple_elementIXT_ESt5tupleIJDpT0_EEE4typeERS8_
FNA:15,0,_ZSt3getILm1EJP17EulerianAlgorithmSt14default_deleteIS0_EEERNSt13tuple_elementIXT_ESt5tupleIJDpT0_EEE4typeERS8_
FNA:15,0,_ZSt3getILm1EJPNSt6thread6_StateESt14default_deleteIS1_EEERNSt13tuple_elementIXT_ESt5tupleIJDpT0_EEE4typeERS9_
FNL:16,2451,2452
FNA:16,192,_ZSt3getILm0EJiiiEERKNSt13tuple_elementIXT_ESt5tupleIJDpT0_EEE4typeERKS4_
FNA:16,192,_ZSt3getILm1EJiiiEERKNSt13tuple_elementIXT_ESt5tupleIJDpT0_EEE4typeERKS4_
FNA:16,12,_ZSt3getILm2EJiiiEERKNSt13tuple_elementIXT_ESt5tupleIJDpT0_EEE4typeERKS4_
FNL:17,2457,2461
FNA:17,15,_ZSt3getILm0EJPFviEiEEONSt13tuple_elementIXT_ESt5tupleIJDpT0_EEE4typeEOS6_
FNA:17,12,_ZSt3getILm0EJPFvvEEEONSt13tuple_elementIXT_ESt5tupleIJDpT0_EEE4typeEOS6_
FNA:17,31,_ZSt3getILm0EJiiiEEONSt13tuple_elementIXT_ESt5tupleIJDpT0_EEE4typeEOS4_
FNA:17,15,_ZSt3getILm1EJPFviEiEEONSt13tuple_elementIXT_ESt5tupleIJDpT0_EEE4typeEOS6_
FNA:17,31,_ZSt3getILm1EJiiiEEONSt13tuple_elementIXT_ESt5tupleIJDpT0_EEE4typeEOS4_
FNA:17,31,_ZSt3getILm2EJiiiEEONSt13tuple_elementIXT_ESt5tupleIJDpT0_EEE4typeEOS4_
FNL:18,246,246
FNA:18,192,_ZNSt10_Head_baseILm0EiLb0EE7_M_headERKS0_
FNA:18,192,_ZNSt10_Head_baseILm1EiLb0EE7_M_headERKS0_
FNA:18,12,_ZNSt10_Head_baseILm2EiLb0EE7_M_headERKS0_
FNL:19,2538,2543
FNA:19,48,_ZNSt15__tuple_compareISt5tupleIJiiiEES1_Lm0ELm3EE6__lessERKS1_S4_
FNA:19,48,_ZNSt15__tuple_compareISt5tupleIJiiiEES1_Lm1ELm3EE6__lessERKS1_S4_
FNA:19,3,_ZNSt15__tuple_compareISt5tupleIJiiiEES1_Lm2ELm3EE6__lessERKS1_S4_
FNL:20,2553,2553
FNA:20,0,_ZNSt15__tuple_compareISt5tupleIJiiiEES1_Lm3ELm3EE6__lessERKS1_S4_
FNL:21,2600,2609
FNA:21,48,_ZStltIJiiiEJiiiEEbRKSt5tupleIJDpT_EERKS0_IJDpT0_EE
FNL:22,2805,2807
FNA:22,0,_ZSt4swapIJiiiEENSt9enable_ifIXsrSt6__and_IJDpSt14__is_swappableIT_EEE5valueEvE4typeERSt5tupleIJDpS3_EESC_
FNL:23,294,294
FNA:23,0,_ZNSt11_Tuple_implILm0EJP12MSTAlgorithmSt14default_deleteIS0_EEE7_M_headERS4_
FNA:23,0,_ZNSt11_Tuple_implILm0EJP12SCCAlgorithmSt14default_deleteIS0_EEE7_M_headERS4_
FNA:23,0,_ZNSt11_Tuple_implILm0EJP15CliqueAlgorithmSt14default_deleteIS0_EEE7_M_headERS4_
FNA:23,0,_ZNSt11_Tuple_implILm0EJP16MaxFlowAlgorithmSt14default_deleteIS0_EEE7_M_headERS4_
FNA:23,0,_ZNSt11_Tuple_implILm0EJP17EulerianAlgorithmSt14default_deleteIS0_EEE7_M_headERS4_
FNA:23,15,_ZNSt11_Tuple_implILm0EJPFviEiEE7_M_headERS2_
FNA:23,54,_ZNSt11_Tuple_implILm0EJPNSt6thread6_StateESt14default_deleteIS1_EEE7_M_headERS5_
FNA:23,79,_ZNSt11_Tuple_implILm0EJiiiEE7_M_headERS0_
FNA:23,79,_ZNSt11_Tuple_implILm1EJiiEE7_M_headERS0_
FNL:24,297,297
FNA:24,192,_ZNSt11_Tuple_implILm0EJiiiEE7_M_headERKS0_
FNA:24,192,_ZNSt11_Tuple_implILm1EJiiEE7_M_headERKS0_
FNL:25,300,300
FNA:25,48,_ZNSt11_Tuple_implILm0EJiiiEE7_M_tailERS0_
FNA:25,48,_ZNSt11_Tuple_implILm1EJiiEE7_M_tailERS0_
FNL:26,305,306
FNA:26,0,_ZNSt11_Tuple_implILm0EJP12MSTAlgorithmSt14default_deleteIS0_EEEC2Ev
FNA:26,0,_ZNSt11_Tuple_implILm0EJP12SCCAlgorithmSt14default_deleteIS0_EEEC2Ev
FNA:26,0,_ZNSt11_Tuple_implILm0EJP15CliqueAlgorithmSt14default_deleteIS0_EEEC2Ev
FNA:26,0,_ZNSt11_Tuple_implILm0EJP16MaxFlowAlgorithmSt14default_deleteIS0_EEEC2Ev
FNA:26,0,_ZNSt11_Tuple_implILm0EJP17AlgorithmStrategySt14default_deleteIS0_EEEC2Ev
FNA:26,0,_ZNSt11_Tuple_implILm0EJP17EulerianAlgorithmSt14default_deleteIS0_EEEC2Ev
FNA:26,27,_ZNSt11_Tuple_implILm0EJPNSt6thread6_StateESt14default_deleteIS1_EEEC2Ev
FNL:27,316,319
FNA:27,0,_ZNSt11_Tuple_implILm0EJP17AlgorithmStrategySt14default_deleteIS0_EEEC2IRS1_JS2_I12MSTAlgorithmEEvEEOT_DpOT0_
FNA:27,0,_ZNSt11_Tuple_implILm0EJP17AlgorithmStrategySt14default_deleteIS0_EEEC2IRS1_JS2_I12SCCAlgorithmEEvEEOT_DpOT0_
FNA:27,0,_ZNSt11_Tuple_implILm0EJP17AlgorithmStrategySt14default_deleteIS0_EEEC2IRS1_JS2_I15CliqueAlgorithmEEvEEOT_DpOT0_
FNA:27,0,_ZNSt11_Tuple_implILm0EJP17AlgorithmStrategySt14default_deleteIS0_EEEC2IRS1_JS2_I16MaxFlowAlgorithmEEvEEOT_DpOT0_
FNA:27,0,_ZNSt11_Tuple_implILm0EJP17AlgorithmStrategySt14default_deleteIS0_EEEC2IRS1_JS2_I17EulerianAlgorithmEEvEEOT_DpOT0_
FNA:27,15,_ZNSt11_Tuple_implILm0EJPFviEiEEC2IRS0_JRiEvEEOT_DpOT0_
FNA:27,31,_ZNSt11_Tuple_implILm0EJiiiEEC2IRKiJRiS3_EvEEOT_DpOT0_
FNA:27,31,_ZNSt11_Tuple_implILm1EJiiEEC2IRiJRKiEvEEOT_DpOT0_
FNL:28,327,327
FNA:28,88,_ZNSt11_Tuple_implILm0EJiiiEEC2EOS0_
FNA:28,88,_ZNSt11_Tuple_implILm1EJiiEEC2EOS0_
FNL:29,479,485
FNA:29,24,_ZNSt11_Tuple_implILm0EJiiiEE9_M_assignIiJiiEEEvOS_ILm0EJT_DpT0_EE
FNA:29,24,_ZNSt11_Tuple_implILm1EJiiEE9_M_assignIiJiEEEvOS_ILm1EJT_DpT0_EE
FNL:30,529,534
FNA:30,0,_ZNSt11_Tuple_implILm0EJiiiEE7_M_swapERS0_
FNA:30,0,_ZNSt11_Tuple_implILm1EJiiEE7_M_swapERS0_
FNL:31,557,557
FNA:31,12,_ZNSt11_Tuple_implILm0EJPFvvEEE7_M_headERS2_
FNA:31,0,_ZNSt11_Tuple_implILm1EJSt14default_deleteI12MSTAlgorithmEEE7_M_headERS3_
FNA:31,0,_ZNSt11_Tuple_implILm1EJSt14default_deleteI12SCCAlgorithmEEE7_M_headERS3_
FNA:31,0,_ZNSt11_Tuple_implILm1EJSt14default_deleteI15CliqueAlgorithmEEE7_M_headERS3_
FNA:31,0,_ZNSt11_Tuple_implILm1EJSt14default_deleteI16MaxFlowAlgorithmEEE7_M_headERS3_
FNA:31,0,_ZNSt11_Tuple_implILm1EJSt14default_deleteI17EulerianAlgorithmEEE7_M_headERS3_
FNA:31,0,_ZNSt11_Tuple_implILm1EJSt14default_deleteINSt6thread6_StateEEEE7_M_headERS4_
FNA:31,15,_ZNSt11_Tuple_implILm1EJiEE7_M_headERS0_
FNA:31,79,_ZNSt11_Tuple_implILm2EJiEE7_M_headERS0_
FNL:32,560,560
FNA:32,12,_ZNSt11_Tuple_implILm2EJiEE7_M_headERKS0_
FNL:33,563,564
FNA:33,0,_ZNSt11_Tuple_implILm1EJSt14default_deleteI12MSTAlgorithmEEEC2Ev
FNA:33,0,_ZNSt11_Tuple_implILm1EJSt14default_deleteI12SCCAlgorithmEEEC2Ev
FNA:33,0,_ZNSt11_Tuple_implILm1EJSt14default_deleteI15CliqueAlgorithmEEEC2Ev
FNA:33,0,_ZNSt11_Tuple_implILm1EJSt14default_deleteI16MaxFlowAlgorithmEEEC2Ev
FNA:33,0,_ZNSt11_Tuple_implILm1EJSt14default_deleteI17AlgorithmStrategyEEEC2Ev
FNA:33,0,_ZNSt11_Tuple_implILm1EJSt14default_deleteI17EulerianAlgorithmEEEC2Ev
FNA:33,27,_ZNSt11_Tuple_implILm1EJSt14default_deleteINSt6thread6_StateEEEEC2Ev
FNL:34,567,569
FNA:34,12,_ZNSt11_Tuple_implILm0EJPFvvEEEC2ERKS1_
FNA:34,31,_ZNSt11_Tuple_implILm2EJiEEC2ERKi
FNL:35,573,575
FNA:35,0,_ZNSt11_Tuple_implILm1EJSt14default_deleteI17AlgorithmStrategyEEEC2IS0_I12MSTAlgorithmEEEOT_
FNA:35,0,_ZNSt11_Tuple_implILm1EJSt14default_deleteI17AlgorithmStrategyEEEC2IS0_I12SCCAlgorithmEEEOT_
FNA:35,0,_ZNSt11_Tuple_implILm1EJSt14default_deleteI17AlgorithmStrategyEEEC2IS0_I15CliqueAlgorithmEEEOT_
FNA:35,0,_ZNSt11_Tuple_implILm1EJSt14default_deleteI17AlgorithmStrategyEEEC2IS0_I16MaxFlowAlgorithmEEEOT_
FNA:35,0,_ZNSt11_Tuple_implILm1EJSt14default_deleteI17AlgorithmStrategyEEEC2IS0_I17EulerianAlgorithmEEEOT_
FNA:35,15,_ZNSt11_Tuple_implILm1EJiEEC2IRiEEOT_
FNL:36,587,590
FNA:36,88,_ZNSt11_Tuple_implILm2EJiEEC2EOS0_
FNL:37,717,721
FNA:37,24,_ZNSt11_Tuple_implILm2EJiEE9_M_assignIiEEvOS_ILm2EJT_EE
FNL:38,755,759
FNA:38,0,_ZNSt11_Tuple_implILm2EJiEE7_M_swapERS0_
FNL:39,90,91
FNA:39,0,_ZNSt10_Head_baseILm1ESt14default_deleteI12MSTAlgorithmELb1EEC2Ev
FNA:39,0,_ZNSt10_Head_baseILm1ESt14default_deleteI12SCCAlgorithmELb1EEC2Ev
FNA:39,0,_ZNSt10_Head_baseILm1ESt14default_deleteI15CliqueAlgorithmELb1EEC2Ev
FNA:39,0,_ZNSt10_Head_baseILm1ESt14default_deleteI16MaxFlowAlgorithmELb1EEC2Ev
FNA:39,0,_ZNSt10_Head_baseILm1ESt14default_deleteI17AlgorithmStrategyELb1EEC2Ev
FNA:39,0,_ZNSt10_Head_baseILm1ESt14default_deleteI17EulerianAlgorithmELb1EEC2Ev
FNA:39,27,_ZNSt10_Head_baseILm1ESt14default_deleteINSt6thread6_StateEELb1EEC2Ev
FNF:40
FNH:33
DA:90,27
DA:91,27
DA:100,0
DA:101,0
DA:134,0
DA:199,27
DA:200,27
DA:202,89
DA:203,89
DA:209,46
DA:210,46
DA:243,333
DA:246,396
DA:294,227
DA:297,384
DA:300,96
DA:305,27
DA:306,27
DA:316,77
DA:318,77
DA:319,77
DA:327,176
DA:479,48
DA:481,48
DA:482,48
DA:483,96
DA:484,48
DA:485,48
DA:529,0
DA:532,0
DA:533,0
DA:534,0
DA:557,106
DA:560,12
DA:563,27
DA:564,27
DA:567,43
DA:568,43
DA:569,43
DA:573,15
DA:574,15
DA:575,15
DA:587,88
DA:589,88
DA:590,88
DA:717,24
DA:719,24
DA:720,24
DA:721,24
DA:755,0
DA:758,0
DA:759,0
DA:1474,12
DA:1476,12
DA:1489,31
DA:1491,31
DA:1492,31
DA:1505,88
DA:1918,24
DA:1923,24
DA:1924,24
DA:1951,0
DA:1953,0
DA:2091,27
DA:2093,27
DA:2119,15
DA:2121,15
DA:2122,15
DA:2429,189
DA:2430,189
DA:2434,396
DA:2435,396
DA:2445,54
DA:2446,54
DA:2451,396
DA:2452,396
DA:2457,135
DA:2460,135
DA:2538,99
DA:2540,99
DA:2541,150
DA:2542,150
DA:2553,0
DA:2600,48
DA:2608,48
DA:2805,0
DA:2807,0
LF:87
LH:72
end_of_record
TN:
SF:/usr/include/x86_64-linux-gnu/c++/14/bits/c++config.h
FNF:0
FNH:0
DA:324,0
DA:550,664
DA:609,0
LF:3
LH:1
end_of_record
TN:
SF:/usr/include/x86_64-linux-gnu/c++/14/bits/gthr-default.h
FNL:0,313,316
FNA:0,160,_ZL18__gthread_active_pv
FNL:1,759,765
FNA:1,80,_ZL20__gthread_mutex_lockP15pthread_mutex_t
FNL:2,789,795
FNA:2,80,_ZL22__gthread_mutex_unlockP15pthread_mutex_t
FNF:3
FNH:3
DA:313,160
DA:315,160
DA:759,80
DA:761,80
DA:762,80
DA:764,0
DA:789,80
DA:791,80
DA:792,80
DA:794,0
LF:10
LH:8
end_of_record
